{"C:\\Backend\\FeatureProvisioningBackend\\src\\lambdas\\ServiceSchedulerManager\\.eslintrc.js":{"path":"C:\\Backend\\FeatureProvisioningBackend\\src\\lambdas\\ServiceSchedulerManager\\.eslintrc.js","statementMap":{"0":{"start":{"line":1,"column":0},"end":{"line":28,"column":3}}},"fnMap":{},"branchMap":{},"s":{"0":0},"f":{},"b":{}},"C:\\Backend\\FeatureProvisioningBackend\\src\\lambdas\\ServiceSchedulerManager\\constants\\constants.ts":{"path":"C:\\Backend\\FeatureProvisioningBackend\\src\\lambdas\\ServiceSchedulerManager\\constants\\constants.ts","statementMap":{"0":{"start":{"line":1,"column":50},"end":{"line":1,"column":97}},"1":{"start":{"line":2,"column":50},"end":{"line":2,"column":105}},"2":{"start":{"line":3,"column":59},"end":{"line":3,"column":134}},"3":{"start":{"line":4,"column":55},"end":{"line":4,"column":107}},"4":{"start":{"line":5,"column":46},"end":{"line":5,"column":104}},"5":{"start":{"line":6,"column":45},"end":{"line":6,"column":112}},"6":{"start":{"line":7,"column":47},"end":{"line":7,"column":108}},"7":{"start":{"line":8,"column":47},"end":{"line":8,"column":121}},"8":{"start":{"line":9,"column":41},"end":{"line":9,"column":108}}},"fnMap":{},"branchMap":{},"s":{"0":0,"1":0,"2":0,"3":0,"4":0,"5":0,"6":0,"7":0,"8":0},"f":{},"b":{}},"C:\\Backend\\FeatureProvisioningBackend\\src\\lambdas\\ServiceSchedulerManager\\constants\\index.ts":{"path":"C:\\Backend\\FeatureProvisioningBackend\\src\\lambdas\\ServiceSchedulerManager\\constants\\index.ts","statementMap":{},"fnMap":{},"branchMap":{},"s":{},"f":{},"b":{}},"C:\\Backend\\FeatureProvisioningBackend\\src\\lambdas\\ServiceSchedulerManager\\src\\features\\index.ts":{"path":"C:\\Backend\\FeatureProvisioningBackend\\src\\lambdas\\ServiceSchedulerManager\\src\\features\\index.ts","statementMap":{},"fnMap":{},"branchMap":{},"s":{},"f":{},"b":{}},"C:\\Backend\\FeatureProvisioningBackend\\src\\lambdas\\ServiceSchedulerManager\\src\\interfaces\\index.ts":{"path":"C:\\Backend\\FeatureProvisioningBackend\\src\\lambdas\\ServiceSchedulerManager\\src\\interfaces\\index.ts","statementMap":{},"fnMap":{},"branchMap":{},"s":{},"f":{},"b":{}},"C:\\Backend\\FeatureProvisioningBackend\\src\\lambdas\\ServiceSchedulerManager\\src\\rule\\index.ts":{"path":"C:\\Backend\\FeatureProvisioningBackend\\src\\lambdas\\ServiceSchedulerManager\\src\\rule\\index.ts","statementMap":{},"fnMap":{},"branchMap":{},"s":{},"f":{},"b":{}},"C:\\Backend\\FeatureProvisioningBackend\\src\\lambdas\\ServiceSchedulerManager\\src\\service\\index.ts":{"path":"C:\\Backend\\FeatureProvisioningBackend\\src\\lambdas\\ServiceSchedulerManager\\src\\service\\index.ts","statementMap":{},"fnMap":{},"branchMap":{},"s":{},"f":{},"b":{}},"C:\\Backend\\FeatureProvisioningBackend\\src\\lambdas\\ServiceSchedulerManager\\src\\vehicle\\index.ts":{"path":"C:\\Backend\\FeatureProvisioningBackend\\src\\lambdas\\ServiceSchedulerManager\\src\\vehicle\\index.ts","statementMap":{},"fnMap":{},"branchMap":{},"s":{},"f":{},"b":{}},"C:\\Backend\\FeatureProvisioningBackend\\src\\lambdas\\ServiceSchedulerManager\\src\\vehicleGroup\\index.ts":{"path":"C:\\Backend\\FeatureProvisioningBackend\\src\\lambdas\\ServiceSchedulerManager\\src\\vehicleGroup\\index.ts","statementMap":{},"fnMap":{},"branchMap":{},"s":{},"f":{},"b":{}},"C:\\Backend\\FeatureProvisioningBackend\\src\\lambdas\\ServiceSchedulerManager\\test\\features\\features-handler-test.ts":{"path":"C:\\Backend\\FeatureProvisioningBackend\\src\\lambdas\\ServiceSchedulerManager\\test\\features\\features-handler-test.ts","statementMap":{"0":{"start":{"line":8,"column":0},"end":{"line":8,"column":24}},"1":{"start":{"line":9,"column":15},"end":{"line":9,"column":26}},"2":{"start":{"line":11,"column":0},"end":{"line":173,"column":2}},"3":{"start":{"line":12,"column":34},"end":{"line":12,"column":55}},"4":{"start":{"line":14,"column":4},"end":{"line":171,"column":6}},"5":{"start":{"line":17,"column":8},"end":{"line":20,"column":10}},"6":{"start":{"line":18,"column":28},"end":{"line":18,"column":120}},"7":{"start":{"line":19,"column":12},"end":{"line":19,"column":63}},"8":{"start":{"line":22,"column":8},"end":{"line":25,"column":10}},"9":{"start":{"line":23,"column":28},"end":{"line":23,"column":131}},"10":{"start":{"line":24,"column":12},"end":{"line":24,"column":64}},"11":{"start":{"line":27,"column":8},"end":{"line":30,"column":10}},"12":{"start":{"line":28,"column":28},"end":{"line":28,"column":130}},"13":{"start":{"line":29,"column":12},"end":{"line":29,"column":59}},"14":{"start":{"line":32,"column":8},"end":{"line":35,"column":10}},"15":{"start":{"line":33,"column":28},"end":{"line":33,"column":127}},"16":{"start":{"line":34,"column":12},"end":{"line":34,"column":101}},"17":{"start":{"line":37,"column":8},"end":{"line":40,"column":10}},"18":{"start":{"line":38,"column":28},"end":{"line":38,"column":121}},"19":{"start":{"line":39,"column":12},"end":{"line":39,"column":58}},"20":{"start":{"line":42,"column":8},"end":{"line":45,"column":10}},"21":{"start":{"line":43,"column":28},"end":{"line":43,"column":120}},"22":{"start":{"line":44,"column":12},"end":{"line":44,"column":58}},"23":{"start":{"line":47,"column":8},"end":{"line":50,"column":10}},"24":{"start":{"line":48,"column":28},"end":{"line":48,"column":129}},"25":{"start":{"line":49,"column":12},"end":{"line":49,"column":58}},"26":{"start":{"line":52,"column":8},"end":{"line":55,"column":10}},"27":{"start":{"line":53,"column":28},"end":{"line":53,"column":131}},"28":{"start":{"line":54,"column":12},"end":{"line":54,"column":58}},"29":{"start":{"line":57,"column":8},"end":{"line":60,"column":10}},"30":{"start":{"line":58,"column":28},"end":{"line":58,"column":139}},"31":{"start":{"line":59,"column":12},"end":{"line":59,"column":186}},"32":{"start":{"line":62,"column":8},"end":{"line":65,"column":10}},"33":{"start":{"line":63,"column":28},"end":{"line":63,"column":129}},"34":{"start":{"line":64,"column":12},"end":{"line":64,"column":176}},"35":{"start":{"line":70,"column":8},"end":{"line":74,"column":10}},"36":{"start":{"line":72,"column":26},"end":{"line":72,"column":105}},"37":{"start":{"line":73,"column":12},"end":{"line":73,"column":80}},"38":{"start":{"line":76,"column":8},"end":{"line":79,"column":10}},"39":{"start":{"line":77,"column":26},"end":{"line":77,"column":105}},"40":{"start":{"line":78,"column":12},"end":{"line":78,"column":91}},"41":{"start":{"line":81,"column":8},"end":{"line":84,"column":10}},"42":{"start":{"line":82,"column":26},"end":{"line":82,"column":116}},"43":{"start":{"line":83,"column":12},"end":{"line":83,"column":81}},"44":{"start":{"line":86,"column":8},"end":{"line":89,"column":10}},"45":{"start":{"line":87,"column":26},"end":{"line":87,"column":105}},"46":{"start":{"line":88,"column":12},"end":{"line":88,"column":88}},"47":{"start":{"line":92,"column":8},"end":{"line":95,"column":10}},"48":{"start":{"line":93,"column":26},"end":{"line":93,"column":101}},"49":{"start":{"line":94,"column":12},"end":{"line":94,"column":76}},"50":{"start":{"line":97,"column":8},"end":{"line":100,"column":10}},"51":{"start":{"line":98,"column":26},"end":{"line":98,"column":101}},"52":{"start":{"line":99,"column":12},"end":{"line":99,"column":87}},"53":{"start":{"line":102,"column":8},"end":{"line":105,"column":10}},"54":{"start":{"line":103,"column":26},"end":{"line":103,"column":112}},"55":{"start":{"line":104,"column":12},"end":{"line":104,"column":77}},"56":{"start":{"line":107,"column":8},"end":{"line":110,"column":10}},"57":{"start":{"line":108,"column":26},"end":{"line":108,"column":101}},"58":{"start":{"line":109,"column":12},"end":{"line":109,"column":84}},"59":{"start":{"line":112,"column":8},"end":{"line":115,"column":10}},"60":{"start":{"line":113,"column":26},"end":{"line":113,"column":101}},"61":{"start":{"line":114,"column":12},"end":{"line":114,"column":76}},"62":{"start":{"line":117,"column":8},"end":{"line":120,"column":10}},"63":{"start":{"line":118,"column":26},"end":{"line":118,"column":101}},"64":{"start":{"line":119,"column":12},"end":{"line":119,"column":87}},"65":{"start":{"line":122,"column":8},"end":{"line":125,"column":10}},"66":{"start":{"line":123,"column":26},"end":{"line":123,"column":112}},"67":{"start":{"line":124,"column":12},"end":{"line":124,"column":77}},"68":{"start":{"line":127,"column":8},"end":{"line":130,"column":10}},"69":{"start":{"line":128,"column":26},"end":{"line":128,"column":101}},"70":{"start":{"line":129,"column":12},"end":{"line":129,"column":84}},"71":{"start":{"line":132,"column":8},"end":{"line":135,"column":10}},"72":{"start":{"line":133,"column":26},"end":{"line":133,"column":107}},"73":{"start":{"line":134,"column":12},"end":{"line":134,"column":82}},"74":{"start":{"line":137,"column":8},"end":{"line":140,"column":10}},"75":{"start":{"line":138,"column":26},"end":{"line":138,"column":107}},"76":{"start":{"line":139,"column":12},"end":{"line":139,"column":93}},"77":{"start":{"line":142,"column":8},"end":{"line":145,"column":10}},"78":{"start":{"line":143,"column":26},"end":{"line":143,"column":118}},"79":{"start":{"line":144,"column":12},"end":{"line":144,"column":83}},"80":{"start":{"line":147,"column":8},"end":{"line":150,"column":10}},"81":{"start":{"line":148,"column":26},"end":{"line":148,"column":107}},"82":{"start":{"line":149,"column":12},"end":{"line":149,"column":90}},"83":{"start":{"line":152,"column":8},"end":{"line":155,"column":10}},"84":{"start":{"line":153,"column":26},"end":{"line":153,"column":109}},"85":{"start":{"line":154,"column":12},"end":{"line":154,"column":84}},"86":{"start":{"line":157,"column":8},"end":{"line":160,"column":10}},"87":{"start":{"line":158,"column":26},"end":{"line":158,"column":109}},"88":{"start":{"line":159,"column":12},"end":{"line":159,"column":95}},"89":{"start":{"line":162,"column":8},"end":{"line":165,"column":10}},"90":{"start":{"line":163,"column":26},"end":{"line":163,"column":120}},"91":{"start":{"line":164,"column":12},"end":{"line":164,"column":85}},"92":{"start":{"line":167,"column":8},"end":{"line":170,"column":10}},"93":{"start":{"line":168,"column":26},"end":{"line":168,"column":109}},"94":{"start":{"line":169,"column":12},"end":{"line":169,"column":92}}},"fnMap":{"0":{"name":"(anonymous_0)","decl":{"start":{"line":11,"column":28},"end":{"line":11,"column":29}},"loc":{"start":{"line":11,"column":34},"end":{"line":173,"column":1}},"line":11},"1":{"name":"(anonymous_1)","decl":{"start":{"line":14,"column":33},"end":{"line":14,"column":34}},"loc":{"start":{"line":14,"column":39},"end":{"line":171,"column":5}},"line":14},"2":{"name":"(anonymous_2)","decl":{"start":{"line":17,"column":79},"end":{"line":17,"column":80}},"loc":{"start":{"line":17,"column":85},"end":{"line":20,"column":9}},"line":17},"3":{"name":"(anonymous_3)","decl":{"start":{"line":22,"column":69},"end":{"line":22,"column":70}},"loc":{"start":{"line":22,"column":75},"end":{"line":25,"column":9}},"line":22},"4":{"name":"(anonymous_4)","decl":{"start":{"line":27,"column":64},"end":{"line":27,"column":65}},"loc":{"start":{"line":27,"column":70},"end":{"line":30,"column":9}},"line":27},"5":{"name":"(anonymous_5)","decl":{"start":{"line":32,"column":61},"end":{"line":32,"column":62}},"loc":{"start":{"line":32,"column":67},"end":{"line":35,"column":9}},"line":32},"6":{"name":"(anonymous_6)","decl":{"start":{"line":37,"column":74},"end":{"line":37,"column":75}},"loc":{"start":{"line":37,"column":80},"end":{"line":40,"column":9}},"line":37},"7":{"name":"(anonymous_7)","decl":{"start":{"line":42,"column":74},"end":{"line":42,"column":75}},"loc":{"start":{"line":42,"column":80},"end":{"line":45,"column":9}},"line":42},"8":{"name":"(anonymous_8)","decl":{"start":{"line":47,"column":82},"end":{"line":47,"column":83}},"loc":{"start":{"line":47,"column":88},"end":{"line":50,"column":9}},"line":47},"9":{"name":"(anonymous_9)","decl":{"start":{"line":52,"column":84},"end":{"line":52,"column":85}},"loc":{"start":{"line":52,"column":90},"end":{"line":55,"column":9}},"line":52},"10":{"name":"(anonymous_10)","decl":{"start":{"line":57,"column":66},"end":{"line":57,"column":67}},"loc":{"start":{"line":57,"column":72},"end":{"line":60,"column":9}},"line":57},"11":{"name":"(anonymous_11)","decl":{"start":{"line":62,"column":64},"end":{"line":62,"column":65}},"loc":{"start":{"line":62,"column":70},"end":{"line":65,"column":9}},"line":62},"12":{"name":"(anonymous_12)","decl":{"start":{"line":70,"column":79},"end":{"line":70,"column":80}},"loc":{"start":{"line":70,"column":85},"end":{"line":74,"column":9}},"line":70},"13":{"name":"(anonymous_13)","decl":{"start":{"line":76,"column":117},"end":{"line":76,"column":118}},"loc":{"start":{"line":76,"column":123},"end":{"line":79,"column":9}},"line":76},"14":{"name":"(anonymous_14)","decl":{"start":{"line":81,"column":69},"end":{"line":81,"column":70}},"loc":{"start":{"line":81,"column":75},"end":{"line":84,"column":9}},"line":81},"15":{"name":"(anonymous_15)","decl":{"start":{"line":86,"column":69},"end":{"line":86,"column":70}},"loc":{"start":{"line":86,"column":75},"end":{"line":89,"column":9}},"line":86},"16":{"name":"(anonymous_16)","decl":{"start":{"line":92,"column":74},"end":{"line":92,"column":75}},"loc":{"start":{"line":92,"column":80},"end":{"line":95,"column":9}},"line":92},"17":{"name":"(anonymous_17)","decl":{"start":{"line":97,"column":112},"end":{"line":97,"column":113}},"loc":{"start":{"line":97,"column":118},"end":{"line":100,"column":9}},"line":97},"18":{"name":"(anonymous_18)","decl":{"start":{"line":102,"column":64},"end":{"line":102,"column":65}},"loc":{"start":{"line":102,"column":70},"end":{"line":105,"column":9}},"line":102},"19":{"name":"(anonymous_19)","decl":{"start":{"line":107,"column":64},"end":{"line":107,"column":65}},"loc":{"start":{"line":107,"column":70},"end":{"line":110,"column":9}},"line":107},"20":{"name":"(anonymous_20)","decl":{"start":{"line":112,"column":74},"end":{"line":112,"column":75}},"loc":{"start":{"line":112,"column":80},"end":{"line":115,"column":9}},"line":112},"21":{"name":"(anonymous_21)","decl":{"start":{"line":117,"column":112},"end":{"line":117,"column":113}},"loc":{"start":{"line":117,"column":118},"end":{"line":120,"column":9}},"line":117},"22":{"name":"(anonymous_22)","decl":{"start":{"line":122,"column":64},"end":{"line":122,"column":65}},"loc":{"start":{"line":122,"column":70},"end":{"line":125,"column":9}},"line":122},"23":{"name":"(anonymous_23)","decl":{"start":{"line":127,"column":64},"end":{"line":127,"column":65}},"loc":{"start":{"line":127,"column":70},"end":{"line":130,"column":9}},"line":127},"24":{"name":"(anonymous_24)","decl":{"start":{"line":132,"column":74},"end":{"line":132,"column":75}},"loc":{"start":{"line":132,"column":80},"end":{"line":135,"column":9}},"line":132},"25":{"name":"(anonymous_25)","decl":{"start":{"line":137,"column":112},"end":{"line":137,"column":113}},"loc":{"start":{"line":137,"column":118},"end":{"line":140,"column":9}},"line":137},"26":{"name":"(anonymous_26)","decl":{"start":{"line":142,"column":64},"end":{"line":142,"column":65}},"loc":{"start":{"line":142,"column":70},"end":{"line":145,"column":9}},"line":142},"27":{"name":"(anonymous_27)","decl":{"start":{"line":147,"column":64},"end":{"line":147,"column":65}},"loc":{"start":{"line":147,"column":70},"end":{"line":150,"column":9}},"line":147},"28":{"name":"(anonymous_28)","decl":{"start":{"line":152,"column":74},"end":{"line":152,"column":75}},"loc":{"start":{"line":152,"column":80},"end":{"line":155,"column":9}},"line":152},"29":{"name":"(anonymous_29)","decl":{"start":{"line":157,"column":112},"end":{"line":157,"column":113}},"loc":{"start":{"line":157,"column":118},"end":{"line":160,"column":9}},"line":157},"30":{"name":"(anonymous_30)","decl":{"start":{"line":162,"column":64},"end":{"line":162,"column":65}},"loc":{"start":{"line":162,"column":70},"end":{"line":165,"column":9}},"line":162},"31":{"name":"(anonymous_31)","decl":{"start":{"line":167,"column":64},"end":{"line":167,"column":65}},"loc":{"start":{"line":167,"column":70},"end":{"line":170,"column":9}},"line":167}},"branchMap":{},"s":{"0":0,"1":0,"2":0,"3":0,"4":0,"5":0,"6":0,"7":0,"8":0,"9":0,"10":0,"11":0,"12":0,"13":0,"14":0,"15":0,"16":0,"17":0,"18":0,"19":0,"20":0,"21":0,"22":0,"23":0,"24":0,"25":0,"26":0,"27":0,"28":0,"29":0,"30":0,"31":0,"32":0,"33":0,"34":0,"35":0,"36":0,"37":0,"38":0,"39":0,"40":0,"41":0,"42":0,"43":0,"44":0,"45":0,"46":0,"47":0,"48":0,"49":0,"50":0,"51":0,"52":0,"53":0,"54":0,"55":0,"56":0,"57":0,"58":0,"59":0,"60":0,"61":0,"62":0,"63":0,"64":0,"65":0,"66":0,"67":0,"68":0,"69":0,"70":0,"71":0,"72":0,"73":0,"74":0,"75":0,"76":0,"77":0,"78":0,"79":0,"80":0,"81":0,"82":0,"83":0,"84":0,"85":0,"86":0,"87":0,"88":0,"89":0,"90":0,"91":0,"92":0,"93":0,"94":0},"f":{"0":0,"1":0,"2":0,"3":0,"4":0,"5":0,"6":0,"7":0,"8":0,"9":0,"10":0,"11":0,"12":0,"13":0,"14":0,"15":0,"16":0,"17":0,"18":0,"19":0,"20":0,"21":0,"22":0,"23":0,"24":0,"25":0,"26":0,"27":0,"28":0,"29":0,"30":0,"31":0},"b":{}},"C:\\Backend\\FeatureProvisioningBackend\\src\\lambdas\\ServiceSchedulerManager\\test\\features\\features-scheduler-test.ts":{"path":"C:\\Backend\\FeatureProvisioningBackend\\src\\lambdas\\ServiceSchedulerManager\\test\\features\\features-scheduler-test.ts","statementMap":{"0":{"start":{"line":10,"column":0},"end":{"line":10,"column":24}},"1":{"start":{"line":11,"column":15},"end":{"line":11,"column":26}},"2":{"start":{"line":13,"column":0},"end":{"line":209,"column":2}},"3":{"start":{"line":15,"column":40},"end":{"line":15,"column":63}},"4":{"start":{"line":17,"column":4},"end":{"line":57,"column":7}},"5":{"start":{"line":18,"column":8},"end":{"line":18,"column":33}},"6":{"start":{"line":20,"column":8},"end":{"line":28,"column":10}},"7":{"start":{"line":22,"column":12},"end":{"line":22,"column":101}},"8":{"start":{"line":23,"column":12},"end":{"line":23,"column":74}},"9":{"start":{"line":25,"column":60},"end":{"line":25,"column":91}},"10":{"start":{"line":26,"column":29},"end":{"line":26,"column":110}},"11":{"start":{"line":27,"column":12},"end":{"line":27,"column":56}},"12":{"start":{"line":30,"column":8},"end":{"line":37,"column":10}},"13":{"start":{"line":31,"column":12},"end":{"line":31,"column":101}},"14":{"start":{"line":32,"column":12},"end":{"line":32,"column":74}},"15":{"start":{"line":34,"column":60},"end":{"line":34,"column":91}},"16":{"start":{"line":35,"column":29},"end":{"line":35,"column":121}},"17":{"start":{"line":36,"column":12},"end":{"line":36,"column":56}},"18":{"start":{"line":39,"column":8},"end":{"line":46,"column":10}},"19":{"start":{"line":40,"column":12},"end":{"line":40,"column":110}},"20":{"start":{"line":41,"column":12},"end":{"line":41,"column":74}},"21":{"start":{"line":43,"column":60},"end":{"line":43,"column":100}},"22":{"start":{"line":44,"column":29},"end":{"line":44,"column":118}},"23":{"start":{"line":45,"column":12},"end":{"line":45,"column":56}},"24":{"start":{"line":48,"column":8},"end":{"line":55,"column":10}},"25":{"start":{"line":49,"column":12},"end":{"line":49,"column":101}},"26":{"start":{"line":50,"column":12},"end":{"line":50,"column":74}},"27":{"start":{"line":52,"column":60},"end":{"line":52,"column":91}},"28":{"start":{"line":53,"column":29},"end":{"line":53,"column":118}},"29":{"start":{"line":54,"column":12},"end":{"line":54,"column":56}},"30":{"start":{"line":59,"column":4},"end":{"line":116,"column":7}},"31":{"start":{"line":60,"column":8},"end":{"line":60,"column":33}},"32":{"start":{"line":62,"column":8},"end":{"line":69,"column":10}},"33":{"start":{"line":63,"column":12},"end":{"line":63,"column":98}},"34":{"start":{"line":64,"column":12},"end":{"line":64,"column":74}},"35":{"start":{"line":66,"column":54},"end":{"line":66,"column":83}},"36":{"start":{"line":67,"column":29},"end":{"line":67,"column":106}},"37":{"start":{"line":68,"column":12},"end":{"line":68,"column":56}},"38":{"start":{"line":71,"column":8},"end":{"line":78,"column":10}},"39":{"start":{"line":72,"column":12},"end":{"line":72,"column":98}},"40":{"start":{"line":73,"column":12},"end":{"line":73,"column":74}},"41":{"start":{"line":75,"column":54},"end":{"line":75,"column":83}},"42":{"start":{"line":76,"column":29},"end":{"line":76,"column":119}},"43":{"start":{"line":77,"column":12},"end":{"line":77,"column":56}},"44":{"start":{"line":80,"column":8},"end":{"line":87,"column":10}},"45":{"start":{"line":81,"column":12},"end":{"line":81,"column":98}},"46":{"start":{"line":82,"column":12},"end":{"line":82,"column":74}},"47":{"start":{"line":84,"column":54},"end":{"line":84,"column":83}},"48":{"start":{"line":85,"column":29},"end":{"line":85,"column":118}},"49":{"start":{"line":86,"column":12},"end":{"line":86,"column":56}},"50":{"start":{"line":89,"column":8},"end":{"line":96,"column":10}},"51":{"start":{"line":90,"column":12},"end":{"line":90,"column":104}},"52":{"start":{"line":91,"column":12},"end":{"line":91,"column":74}},"53":{"start":{"line":93,"column":54},"end":{"line":93,"column":89}},"54":{"start":{"line":94,"column":29},"end":{"line":94,"column":119}},"55":{"start":{"line":95,"column":12},"end":{"line":95,"column":52}},"56":{"start":{"line":98,"column":8},"end":{"line":105,"column":10}},"57":{"start":{"line":99,"column":12},"end":{"line":99,"column":104}},"58":{"start":{"line":100,"column":12},"end":{"line":100,"column":74}},"59":{"start":{"line":102,"column":54},"end":{"line":102,"column":89}},"60":{"start":{"line":103,"column":29},"end":{"line":103,"column":106}},"61":{"start":{"line":104,"column":12},"end":{"line":104,"column":52}},"62":{"start":{"line":107,"column":8},"end":{"line":114,"column":10}},"63":{"start":{"line":108,"column":12},"end":{"line":108,"column":104}},"64":{"start":{"line":109,"column":12},"end":{"line":109,"column":74}},"65":{"start":{"line":111,"column":54},"end":{"line":111,"column":89}},"66":{"start":{"line":112,"column":29},"end":{"line":112,"column":117}},"67":{"start":{"line":113,"column":12},"end":{"line":113,"column":52}},"68":{"start":{"line":118,"column":4},"end":{"line":164,"column":7}},"69":{"start":{"line":120,"column":8},"end":{"line":127,"column":10}},"70":{"start":{"line":121,"column":12},"end":{"line":121,"column":103}},"71":{"start":{"line":122,"column":12},"end":{"line":122,"column":74}},"72":{"start":{"line":124,"column":55},"end":{"line":124,"column":84}},"73":{"start":{"line":125,"column":29},"end":{"line":125,"column":106}},"74":{"start":{"line":126,"column":12},"end":{"line":126,"column":56}},"75":{"start":{"line":129,"column":8},"end":{"line":136,"column":10}},"76":{"start":{"line":130,"column":12},"end":{"line":130,"column":103}},"77":{"start":{"line":131,"column":12},"end":{"line":131,"column":74}},"78":{"start":{"line":133,"column":55},"end":{"line":133,"column":84}},"79":{"start":{"line":134,"column":29},"end":{"line":134,"column":125}},"80":{"start":{"line":135,"column":12},"end":{"line":135,"column":56}},"81":{"start":{"line":138,"column":8},"end":{"line":145,"column":10}},"82":{"start":{"line":139,"column":12},"end":{"line":139,"column":109}},"83":{"start":{"line":140,"column":12},"end":{"line":140,"column":74}},"84":{"start":{"line":142,"column":55},"end":{"line":142,"column":90}},"85":{"start":{"line":143,"column":29},"end":{"line":143,"column":106}},"86":{"start":{"line":144,"column":12},"end":{"line":144,"column":52}},"87":{"start":{"line":147,"column":8},"end":{"line":154,"column":10}},"88":{"start":{"line":148,"column":12},"end":{"line":148,"column":111}},"89":{"start":{"line":149,"column":12},"end":{"line":149,"column":74}},"90":{"start":{"line":151,"column":55},"end":{"line":151,"column":92}},"91":{"start":{"line":152,"column":29},"end":{"line":152,"column":125}},"92":{"start":{"line":153,"column":12},"end":{"line":153,"column":52}},"93":{"start":{"line":156,"column":8},"end":{"line":163,"column":10}},"94":{"start":{"line":157,"column":12},"end":{"line":157,"column":103}},"95":{"start":{"line":158,"column":12},"end":{"line":158,"column":74}},"96":{"start":{"line":160,"column":55},"end":{"line":160,"column":84}},"97":{"start":{"line":161,"column":29},"end":{"line":161,"column":115}},"98":{"start":{"line":162,"column":12},"end":{"line":162,"column":56}},"99":{"start":{"line":167,"column":4},"end":{"line":205,"column":7}},"100":{"start":{"line":169,"column":8},"end":{"line":176,"column":10}},"101":{"start":{"line":170,"column":12},"end":{"line":170,"column":93}},"102":{"start":{"line":171,"column":12},"end":{"line":171,"column":74}},"103":{"start":{"line":173,"column":56},"end":{"line":173,"column":85}},"104":{"start":{"line":174,"column":29},"end":{"line":174,"column":106}},"105":{"start":{"line":175,"column":12},"end":{"line":175,"column":56}},"106":{"start":{"line":178,"column":8},"end":{"line":185,"column":10}},"107":{"start":{"line":179,"column":12},"end":{"line":179,"column":93}},"108":{"start":{"line":180,"column":12},"end":{"line":180,"column":74}},"109":{"start":{"line":182,"column":56},"end":{"line":182,"column":85}},"110":{"start":{"line":183,"column":29},"end":{"line":183,"column":119}},"111":{"start":{"line":184,"column":12},"end":{"line":184,"column":56}},"112":{"start":{"line":187,"column":8},"end":{"line":194,"column":10}},"113":{"start":{"line":188,"column":12},"end":{"line":188,"column":100}},"114":{"start":{"line":189,"column":12},"end":{"line":189,"column":74}},"115":{"start":{"line":191,"column":56},"end":{"line":191,"column":92}},"116":{"start":{"line":192,"column":29},"end":{"line":192,"column":118}},"117":{"start":{"line":193,"column":12},"end":{"line":193,"column":52}},"118":{"start":{"line":196,"column":8},"end":{"line":203,"column":10}},"119":{"start":{"line":197,"column":12},"end":{"line":197,"column":101}},"120":{"start":{"line":198,"column":12},"end":{"line":198,"column":74}},"121":{"start":{"line":200,"column":56},"end":{"line":200,"column":93}},"122":{"start":{"line":201,"column":29},"end":{"line":201,"column":117}},"123":{"start":{"line":202,"column":12},"end":{"line":202,"column":52}}},"fnMap":{"0":{"name":"(anonymous_0)","decl":{"start":{"line":13,"column":36},"end":{"line":13,"column":37}},"loc":{"start":{"line":13,"column":42},"end":{"line":209,"column":1}},"line":13},"1":{"name":"(anonymous_1)","decl":{"start":{"line":17,"column":32},"end":{"line":17,"column":33}},"loc":{"start":{"line":17,"column":38},"end":{"line":57,"column":5}},"line":17},"2":{"name":"(anonymous_2)","decl":{"start":{"line":20,"column":101},"end":{"line":20,"column":102}},"loc":{"start":{"line":20,"column":113},"end":{"line":28,"column":9}},"line":20},"3":{"name":"(anonymous_3)","decl":{"start":{"line":30,"column":116},"end":{"line":30,"column":117}},"loc":{"start":{"line":30,"column":128},"end":{"line":37,"column":9}},"line":30},"4":{"name":"(anonymous_4)","decl":{"start":{"line":39,"column":106},"end":{"line":39,"column":107}},"loc":{"start":{"line":39,"column":118},"end":{"line":46,"column":9}},"line":39},"5":{"name":"(anonymous_5)","decl":{"start":{"line":48,"column":106},"end":{"line":48,"column":107}},"loc":{"start":{"line":48,"column":118},"end":{"line":55,"column":9}},"line":48},"6":{"name":"(anonymous_6)","decl":{"start":{"line":59,"column":30},"end":{"line":59,"column":31}},"loc":{"start":{"line":59,"column":36},"end":{"line":116,"column":5}},"line":59},"7":{"name":"(anonymous_7)","decl":{"start":{"line":62,"column":99},"end":{"line":62,"column":100}},"loc":{"start":{"line":62,"column":111},"end":{"line":69,"column":9}},"line":62},"8":{"name":"(anonymous_8)","decl":{"start":{"line":71,"column":110},"end":{"line":71,"column":111}},"loc":{"start":{"line":71,"column":122},"end":{"line":78,"column":9}},"line":71},"9":{"name":"(anonymous_9)","decl":{"start":{"line":80,"column":109},"end":{"line":80,"column":110}},"loc":{"start":{"line":80,"column":121},"end":{"line":87,"column":9}},"line":80},"10":{"name":"(anonymous_10)","decl":{"start":{"line":89,"column":110},"end":{"line":89,"column":111}},"loc":{"start":{"line":89,"column":122},"end":{"line":96,"column":9}},"line":89},"11":{"name":"(anonymous_11)","decl":{"start":{"line":98,"column":99},"end":{"line":98,"column":100}},"loc":{"start":{"line":98,"column":111},"end":{"line":105,"column":9}},"line":98},"12":{"name":"(anonymous_12)","decl":{"start":{"line":107,"column":108},"end":{"line":107,"column":109}},"loc":{"start":{"line":107,"column":120},"end":{"line":114,"column":9}},"line":107},"13":{"name":"(anonymous_13)","decl":{"start":{"line":118,"column":30},"end":{"line":118,"column":31}},"loc":{"start":{"line":118,"column":36},"end":{"line":164,"column":5}},"line":118},"14":{"name":"(anonymous_14)","decl":{"start":{"line":120,"column":99},"end":{"line":120,"column":100}},"loc":{"start":{"line":120,"column":111},"end":{"line":127,"column":9}},"line":120},"15":{"name":"(anonymous_15)","decl":{"start":{"line":129,"column":126},"end":{"line":129,"column":127}},"loc":{"start":{"line":129,"column":138},"end":{"line":136,"column":9}},"line":129},"16":{"name":"(anonymous_16)","decl":{"start":{"line":138,"column":106},"end":{"line":138,"column":107}},"loc":{"start":{"line":138,"column":118},"end":{"line":145,"column":9}},"line":138},"17":{"name":"(anonymous_17)","decl":{"start":{"line":147,"column":128},"end":{"line":147,"column":129}},"loc":{"start":{"line":147,"column":140},"end":{"line":154,"column":9}},"line":147},"18":{"name":"(anonymous_18)","decl":{"start":{"line":156,"column":106},"end":{"line":156,"column":107}},"loc":{"start":{"line":156,"column":118},"end":{"line":163,"column":9}},"line":156},"19":{"name":"(anonymous_19)","decl":{"start":{"line":167,"column":30},"end":{"line":167,"column":31}},"loc":{"start":{"line":167,"column":36},"end":{"line":205,"column":5}},"line":167},"20":{"name":"(anonymous_20)","decl":{"start":{"line":169,"column":106},"end":{"line":169,"column":107}},"loc":{"start":{"line":169,"column":118},"end":{"line":176,"column":9}},"line":169},"21":{"name":"(anonymous_21)","decl":{"start":{"line":178,"column":104},"end":{"line":178,"column":105}},"loc":{"start":{"line":178,"column":116},"end":{"line":185,"column":9}},"line":178},"22":{"name":"(anonymous_22)","decl":{"start":{"line":187,"column":103},"end":{"line":187,"column":104}},"loc":{"start":{"line":187,"column":115},"end":{"line":194,"column":9}},"line":187},"23":{"name":"(anonymous_23)","decl":{"start":{"line":196,"column":114},"end":{"line":196,"column":115}},"loc":{"start":{"line":196,"column":126},"end":{"line":203,"column":9}},"line":196}},"branchMap":{},"s":{"0":0,"1":0,"2":0,"3":0,"4":0,"5":0,"6":0,"7":0,"8":0,"9":0,"10":0,"11":0,"12":0,"13":0,"14":0,"15":0,"16":0,"17":0,"18":0,"19":0,"20":0,"21":0,"22":0,"23":0,"24":0,"25":0,"26":0,"27":0,"28":0,"29":0,"30":0,"31":0,"32":0,"33":0,"34":0,"35":0,"36":0,"37":0,"38":0,"39":0,"40":0,"41":0,"42":0,"43":0,"44":0,"45":0,"46":0,"47":0,"48":0,"49":0,"50":0,"51":0,"52":0,"53":0,"54":0,"55":0,"56":0,"57":0,"58":0,"59":0,"60":0,"61":0,"62":0,"63":0,"64":0,"65":0,"66":0,"67":0,"68":0,"69":0,"70":0,"71":0,"72":0,"73":0,"74":0,"75":0,"76":0,"77":0,"78":0,"79":0,"80":0,"81":0,"82":0,"83":0,"84":0,"85":0,"86":0,"87":0,"88":0,"89":0,"90":0,"91":0,"92":0,"93":0,"94":0,"95":0,"96":0,"97":0,"98":0,"99":0,"100":0,"101":0,"102":0,"103":0,"104":0,"105":0,"106":0,"107":0,"108":0,"109":0,"110":0,"111":0,"112":0,"113":0,"114":0,"115":0,"116":0,"117":0,"118":0,"119":0,"120":0,"121":0,"122":0,"123":0},"f":{"0":0,"1":0,"2":0,"3":0,"4":0,"5":0,"6":0,"7":0,"8":0,"9":0,"10":0,"11":0,"12":0,"13":0,"14":0,"15":0,"16":0,"17":0,"18":0,"19":0,"20":0,"21":0,"22":0,"23":0},"b":{}},"C:\\Backend\\FeatureProvisioningBackend\\src\\lambdas\\ServiceSchedulerManager\\test\\rule\\rule-handler-test.ts":{"path":"C:\\Backend\\FeatureProvisioningBackend\\src\\lambdas\\ServiceSchedulerManager\\test\\rule\\rule-handler-test.ts","statementMap":{"0":{"start":{"line":8,"column":0},"end":{"line":8,"column":24}},"1":{"start":{"line":9,"column":15},"end":{"line":9,"column":26}},"2":{"start":{"line":11,"column":0},"end":{"line":150,"column":2}},"3":{"start":{"line":12,"column":30},"end":{"line":12,"column":47}},"4":{"start":{"line":14,"column":4},"end":{"line":148,"column":6}},"5":{"start":{"line":17,"column":8},"end":{"line":20,"column":10}},"6":{"start":{"line":18,"column":28},"end":{"line":18,"column":113}},"7":{"start":{"line":19,"column":12},"end":{"line":19,"column":60}},"8":{"start":{"line":22,"column":8},"end":{"line":25,"column":10}},"9":{"start":{"line":23,"column":28},"end":{"line":23,"column":114}},"10":{"start":{"line":24,"column":12},"end":{"line":24,"column":55}},"11":{"start":{"line":27,"column":8},"end":{"line":30,"column":10}},"12":{"start":{"line":28,"column":28},"end":{"line":28,"column":120}},"13":{"start":{"line":29,"column":12},"end":{"line":29,"column":55}},"14":{"start":{"line":32,"column":8},"end":{"line":35,"column":10}},"15":{"start":{"line":33,"column":28},"end":{"line":33,"column":124}},"16":{"start":{"line":34,"column":12},"end":{"line":34,"column":55}},"17":{"start":{"line":37,"column":8},"end":{"line":40,"column":10}},"18":{"start":{"line":38,"column":28},"end":{"line":38,"column":130}},"19":{"start":{"line":39,"column":12},"end":{"line":39,"column":101}},"20":{"start":{"line":42,"column":8},"end":{"line":45,"column":10}},"21":{"start":{"line":43,"column":28},"end":{"line":43,"column":121}},"22":{"start":{"line":44,"column":12},"end":{"line":44,"column":61}},"23":{"start":{"line":47,"column":8},"end":{"line":50,"column":10}},"24":{"start":{"line":48,"column":28},"end":{"line":48,"column":120}},"25":{"start":{"line":49,"column":12},"end":{"line":49,"column":56}},"26":{"start":{"line":52,"column":8},"end":{"line":55,"column":10}},"27":{"start":{"line":53,"column":28},"end":{"line":53,"column":132}},"28":{"start":{"line":54,"column":12},"end":{"line":54,"column":101}},"29":{"start":{"line":57,"column":8},"end":{"line":60,"column":10}},"30":{"start":{"line":58,"column":28},"end":{"line":58,"column":135}},"31":{"start":{"line":59,"column":12},"end":{"line":59,"column":186}},"32":{"start":{"line":62,"column":8},"end":{"line":65,"column":10}},"33":{"start":{"line":63,"column":28},"end":{"line":63,"column":125}},"34":{"start":{"line":64,"column":12},"end":{"line":64,"column":176}},"35":{"start":{"line":68,"column":8},"end":{"line":71,"column":10}},"36":{"start":{"line":69,"column":26},"end":{"line":69,"column":95}},"37":{"start":{"line":70,"column":12},"end":{"line":70,"column":77}},"38":{"start":{"line":73,"column":8},"end":{"line":76,"column":10}},"39":{"start":{"line":74,"column":26},"end":{"line":74,"column":95}},"40":{"start":{"line":75,"column":12},"end":{"line":75,"column":88}},"41":{"start":{"line":78,"column":8},"end":{"line":81,"column":10}},"42":{"start":{"line":79,"column":26},"end":{"line":79,"column":95}},"43":{"start":{"line":80,"column":12},"end":{"line":80,"column":85}},"44":{"start":{"line":83,"column":8},"end":{"line":86,"column":10}},"45":{"start":{"line":84,"column":26},"end":{"line":84,"column":106}},"46":{"start":{"line":85,"column":12},"end":{"line":85,"column":78}},"47":{"start":{"line":88,"column":8},"end":{"line":91,"column":10}},"48":{"start":{"line":89,"column":26},"end":{"line":89,"column":99}},"49":{"start":{"line":90,"column":12},"end":{"line":90,"column":81}},"50":{"start":{"line":93,"column":8},"end":{"line":96,"column":10}},"51":{"start":{"line":94,"column":26},"end":{"line":94,"column":99}},"52":{"start":{"line":95,"column":12},"end":{"line":95,"column":89}},"53":{"start":{"line":98,"column":8},"end":{"line":101,"column":10}},"54":{"start":{"line":99,"column":26},"end":{"line":99,"column":110}},"55":{"start":{"line":100,"column":12},"end":{"line":100,"column":82}},"56":{"start":{"line":103,"column":8},"end":{"line":106,"column":10}},"57":{"start":{"line":104,"column":26},"end":{"line":104,"column":99}},"58":{"start":{"line":105,"column":12},"end":{"line":105,"column":89}},"59":{"start":{"line":108,"column":8},"end":{"line":111,"column":10}},"60":{"start":{"line":109,"column":26},"end":{"line":109,"column":95}},"61":{"start":{"line":110,"column":12},"end":{"line":110,"column":77}},"62":{"start":{"line":113,"column":8},"end":{"line":116,"column":10}},"63":{"start":{"line":114,"column":26},"end":{"line":114,"column":95}},"64":{"start":{"line":115,"column":12},"end":{"line":115,"column":85}},"65":{"start":{"line":118,"column":8},"end":{"line":121,"column":10}},"66":{"start":{"line":119,"column":26},"end":{"line":119,"column":106}},"67":{"start":{"line":120,"column":12},"end":{"line":120,"column":78}},"68":{"start":{"line":123,"column":8},"end":{"line":126,"column":10}},"69":{"start":{"line":124,"column":26},"end":{"line":124,"column":95}},"70":{"start":{"line":125,"column":12},"end":{"line":125,"column":85}},"71":{"start":{"line":128,"column":8},"end":{"line":131,"column":10}},"72":{"start":{"line":129,"column":26},"end":{"line":129,"column":91}},"73":{"start":{"line":130,"column":12},"end":{"line":130,"column":73}},"74":{"start":{"line":133,"column":8},"end":{"line":136,"column":10}},"75":{"start":{"line":134,"column":26},"end":{"line":134,"column":91}},"76":{"start":{"line":135,"column":12},"end":{"line":135,"column":84}},"77":{"start":{"line":138,"column":8},"end":{"line":141,"column":10}},"78":{"start":{"line":139,"column":26},"end":{"line":139,"column":91}},"79":{"start":{"line":140,"column":12},"end":{"line":140,"column":81}},"80":{"start":{"line":143,"column":8},"end":{"line":146,"column":10}},"81":{"start":{"line":144,"column":26},"end":{"line":144,"column":102}},"82":{"start":{"line":145,"column":12},"end":{"line":145,"column":74}}},"fnMap":{"0":{"name":"(anonymous_0)","decl":{"start":{"line":11,"column":24},"end":{"line":11,"column":25}},"loc":{"start":{"line":11,"column":30},"end":{"line":150,"column":1}},"line":11},"1":{"name":"(anonymous_1)","decl":{"start":{"line":14,"column":30},"end":{"line":14,"column":31}},"loc":{"start":{"line":14,"column":36},"end":{"line":148,"column":5}},"line":14},"2":{"name":"(anonymous_2)","decl":{"start":{"line":17,"column":76},"end":{"line":17,"column":77}},"loc":{"start":{"line":17,"column":82},"end":{"line":20,"column":9}},"line":17},"3":{"name":"(anonymous_3)","decl":{"start":{"line":22,"column":71},"end":{"line":22,"column":72}},"loc":{"start":{"line":22,"column":77},"end":{"line":25,"column":9}},"line":22},"4":{"name":"(anonymous_4)","decl":{"start":{"line":27,"column":77},"end":{"line":27,"column":78}},"loc":{"start":{"line":27,"column":83},"end":{"line":30,"column":9}},"line":27},"5":{"name":"(anonymous_5)","decl":{"start":{"line":32,"column":81},"end":{"line":32,"column":82}},"loc":{"start":{"line":32,"column":87},"end":{"line":35,"column":9}},"line":32},"6":{"name":"(anonymous_6)","decl":{"start":{"line":37,"column":61},"end":{"line":37,"column":62}},"loc":{"start":{"line":37,"column":67},"end":{"line":40,"column":9}},"line":37},"7":{"name":"(anonymous_7)","decl":{"start":{"line":42,"column":66},"end":{"line":42,"column":67}},"loc":{"start":{"line":42,"column":72},"end":{"line":45,"column":9}},"line":42},"8":{"name":"(anonymous_8)","decl":{"start":{"line":47,"column":61},"end":{"line":47,"column":62}},"loc":{"start":{"line":47,"column":67},"end":{"line":50,"column":9}},"line":47},"9":{"name":"(anonymous_9)","decl":{"start":{"line":52,"column":61},"end":{"line":52,"column":62}},"loc":{"start":{"line":52,"column":67},"end":{"line":55,"column":9}},"line":52},"10":{"name":"(anonymous_10)","decl":{"start":{"line":57,"column":66},"end":{"line":57,"column":67}},"loc":{"start":{"line":57,"column":72},"end":{"line":60,"column":9}},"line":57},"11":{"name":"(anonymous_11)","decl":{"start":{"line":62,"column":43},"end":{"line":62,"column":44}},"loc":{"start":{"line":62,"column":49},"end":{"line":65,"column":9}},"line":62},"12":{"name":"(anonymous_12)","decl":{"start":{"line":68,"column":76},"end":{"line":68,"column":77}},"loc":{"start":{"line":68,"column":82},"end":{"line":71,"column":9}},"line":68},"13":{"name":"(anonymous_13)","decl":{"start":{"line":73,"column":114},"end":{"line":73,"column":115}},"loc":{"start":{"line":73,"column":120},"end":{"line":76,"column":9}},"line":73},"14":{"name":"(anonymous_14)","decl":{"start":{"line":78,"column":66},"end":{"line":78,"column":67}},"loc":{"start":{"line":78,"column":72},"end":{"line":81,"column":9}},"line":78},"15":{"name":"(anonymous_15)","decl":{"start":{"line":83,"column":66},"end":{"line":83,"column":67}},"loc":{"start":{"line":83,"column":72},"end":{"line":86,"column":9}},"line":83},"16":{"name":"(anonymous_16)","decl":{"start":{"line":88,"column":71},"end":{"line":88,"column":72}},"loc":{"start":{"line":88,"column":77},"end":{"line":91,"column":9}},"line":88},"17":{"name":"(anonymous_17)","decl":{"start":{"line":93,"column":99},"end":{"line":93,"column":100}},"loc":{"start":{"line":93,"column":105},"end":{"line":96,"column":9}},"line":93},"18":{"name":"(anonymous_18)","decl":{"start":{"line":98,"column":61},"end":{"line":98,"column":62}},"loc":{"start":{"line":98,"column":67},"end":{"line":101,"column":9}},"line":98},"19":{"name":"(anonymous_19)","decl":{"start":{"line":103,"column":61},"end":{"line":103,"column":62}},"loc":{"start":{"line":103,"column":67},"end":{"line":106,"column":9}},"line":103},"20":{"name":"(anonymous_20)","decl":{"start":{"line":108,"column":71},"end":{"line":108,"column":72}},"loc":{"start":{"line":108,"column":77},"end":{"line":111,"column":9}},"line":108},"21":{"name":"(anonymous_21)","decl":{"start":{"line":113,"column":99},"end":{"line":113,"column":100}},"loc":{"start":{"line":113,"column":105},"end":{"line":116,"column":9}},"line":113},"22":{"name":"(anonymous_22)","decl":{"start":{"line":118,"column":61},"end":{"line":118,"column":62}},"loc":{"start":{"line":118,"column":67},"end":{"line":121,"column":9}},"line":118},"23":{"name":"(anonymous_23)","decl":{"start":{"line":123,"column":61},"end":{"line":123,"column":62}},"loc":{"start":{"line":123,"column":67},"end":{"line":126,"column":9}},"line":123},"24":{"name":"(anonymous_24)","decl":{"start":{"line":128,"column":71},"end":{"line":128,"column":72}},"loc":{"start":{"line":128,"column":77},"end":{"line":131,"column":9}},"line":128},"25":{"name":"(anonymous_25)","decl":{"start":{"line":133,"column":109},"end":{"line":133,"column":110}},"loc":{"start":{"line":133,"column":115},"end":{"line":136,"column":9}},"line":133},"26":{"name":"(anonymous_26)","decl":{"start":{"line":138,"column":61},"end":{"line":138,"column":62}},"loc":{"start":{"line":138,"column":67},"end":{"line":141,"column":9}},"line":138},"27":{"name":"(anonymous_27)","decl":{"start":{"line":143,"column":61},"end":{"line":143,"column":62}},"loc":{"start":{"line":143,"column":67},"end":{"line":146,"column":9}},"line":143}},"branchMap":{},"s":{"0":0,"1":0,"2":0,"3":0,"4":0,"5":0,"6":0,"7":0,"8":0,"9":0,"10":0,"11":0,"12":0,"13":0,"14":0,"15":0,"16":0,"17":0,"18":0,"19":0,"20":0,"21":0,"22":0,"23":0,"24":0,"25":0,"26":0,"27":0,"28":0,"29":0,"30":0,"31":0,"32":0,"33":0,"34":0,"35":0,"36":0,"37":0,"38":0,"39":0,"40":0,"41":0,"42":0,"43":0,"44":0,"45":0,"46":0,"47":0,"48":0,"49":0,"50":0,"51":0,"52":0,"53":0,"54":0,"55":0,"56":0,"57":0,"58":0,"59":0,"60":0,"61":0,"62":0,"63":0,"64":0,"65":0,"66":0,"67":0,"68":0,"69":0,"70":0,"71":0,"72":0,"73":0,"74":0,"75":0,"76":0,"77":0,"78":0,"79":0,"80":0,"81":0,"82":0},"f":{"0":0,"1":0,"2":0,"3":0,"4":0,"5":0,"6":0,"7":0,"8":0,"9":0,"10":0,"11":0,"12":0,"13":0,"14":0,"15":0,"16":0,"17":0,"18":0,"19":0,"20":0,"21":0,"22":0,"23":0,"24":0,"25":0,"26":0,"27":0},"b":{}},"C:\\Backend\\FeatureProvisioningBackend\\src\\lambdas\\ServiceSchedulerManager\\test\\rule\\rule-scheduler-test.ts":{"path":"C:\\Backend\\FeatureProvisioningBackend\\src\\lambdas\\ServiceSchedulerManager\\test\\rule\\rule-scheduler-test.ts","statementMap":{"0":{"start":{"line":10,"column":0},"end":{"line":10,"column":24}},"1":{"start":{"line":11,"column":15},"end":{"line":11,"column":26}},"2":{"start":{"line":14,"column":0},"end":{"line":162,"column":2}},"3":{"start":{"line":15,"column":37},"end":{"line":15,"column":56}},"4":{"start":{"line":17,"column":4},"end":{"line":58,"column":7}},"5":{"start":{"line":18,"column":8},"end":{"line":18,"column":33}},"6":{"start":{"line":20,"column":8},"end":{"line":27,"column":10}},"7":{"start":{"line":21,"column":12},"end":{"line":21,"column":116}},"8":{"start":{"line":22,"column":12},"end":{"line":22,"column":70}},"9":{"start":{"line":24,"column":66},"end":{"line":24,"column":100}},"10":{"start":{"line":25,"column":29},"end":{"line":25,"column":113}},"11":{"start":{"line":26,"column":12},"end":{"line":26,"column":56}},"12":{"start":{"line":29,"column":8},"end":{"line":36,"column":10}},"13":{"start":{"line":30,"column":12},"end":{"line":30,"column":116}},"14":{"start":{"line":31,"column":12},"end":{"line":31,"column":70}},"15":{"start":{"line":33,"column":66},"end":{"line":33,"column":100}},"16":{"start":{"line":34,"column":29},"end":{"line":34,"column":122}},"17":{"start":{"line":35,"column":12},"end":{"line":35,"column":56}},"18":{"start":{"line":38,"column":8},"end":{"line":45,"column":10}},"19":{"start":{"line":39,"column":12},"end":{"line":39,"column":116}},"20":{"start":{"line":40,"column":12},"end":{"line":40,"column":70}},"21":{"start":{"line":42,"column":66},"end":{"line":42,"column":100}},"22":{"start":{"line":43,"column":29},"end":{"line":43,"column":124}},"23":{"start":{"line":44,"column":12},"end":{"line":44,"column":56}},"24":{"start":{"line":47,"column":8},"end":{"line":54,"column":10}},"25":{"start":{"line":48,"column":12},"end":{"line":48,"column":116}},"26":{"start":{"line":49,"column":12},"end":{"line":49,"column":70}},"27":{"start":{"line":51,"column":66},"end":{"line":51,"column":100}},"28":{"start":{"line":52,"column":29},"end":{"line":52,"column":121}},"29":{"start":{"line":53,"column":12},"end":{"line":53,"column":56}},"30":{"start":{"line":61,"column":4},"end":{"line":109,"column":7}},"31":{"start":{"line":62,"column":8},"end":{"line":62,"column":33}},"32":{"start":{"line":64,"column":8},"end":{"line":71,"column":10}},"33":{"start":{"line":65,"column":12},"end":{"line":65,"column":113}},"34":{"start":{"line":66,"column":12},"end":{"line":66,"column":70}},"35":{"start":{"line":68,"column":54},"end":{"line":68,"column":90}},"36":{"start":{"line":69,"column":29},"end":{"line":69,"column":117}},"37":{"start":{"line":70,"column":12},"end":{"line":70,"column":56}},"38":{"start":{"line":73,"column":8},"end":{"line":80,"column":10}},"39":{"start":{"line":74,"column":12},"end":{"line":74,"column":113}},"40":{"start":{"line":75,"column":12},"end":{"line":75,"column":70}},"41":{"start":{"line":77,"column":54},"end":{"line":77,"column":90}},"42":{"start":{"line":78,"column":29},"end":{"line":78,"column":128}},"43":{"start":{"line":79,"column":12},"end":{"line":79,"column":56}},"44":{"start":{"line":82,"column":8},"end":{"line":89,"column":10}},"45":{"start":{"line":83,"column":12},"end":{"line":83,"column":113}},"46":{"start":{"line":84,"column":12},"end":{"line":84,"column":70}},"47":{"start":{"line":86,"column":54},"end":{"line":86,"column":90}},"48":{"start":{"line":87,"column":29},"end":{"line":87,"column":126}},"49":{"start":{"line":88,"column":12},"end":{"line":88,"column":56}},"50":{"start":{"line":91,"column":8},"end":{"line":98,"column":10}},"51":{"start":{"line":92,"column":12},"end":{"line":92,"column":119}},"52":{"start":{"line":93,"column":12},"end":{"line":93,"column":70}},"53":{"start":{"line":95,"column":54},"end":{"line":95,"column":96}},"54":{"start":{"line":96,"column":29},"end":{"line":96,"column":117}},"55":{"start":{"line":97,"column":12},"end":{"line":97,"column":52}},"56":{"start":{"line":100,"column":8},"end":{"line":107,"column":10}},"57":{"start":{"line":101,"column":12},"end":{"line":101,"column":119}},"58":{"start":{"line":102,"column":12},"end":{"line":102,"column":70}},"59":{"start":{"line":104,"column":54},"end":{"line":104,"column":96}},"60":{"start":{"line":105,"column":29},"end":{"line":105,"column":125}},"61":{"start":{"line":106,"column":12},"end":{"line":106,"column":52}},"62":{"start":{"line":112,"column":4},"end":{"line":160,"column":7}},"63":{"start":{"line":113,"column":8},"end":{"line":113,"column":33}},"64":{"start":{"line":115,"column":8},"end":{"line":122,"column":10}},"65":{"start":{"line":116,"column":12},"end":{"line":116,"column":114}},"66":{"start":{"line":117,"column":12},"end":{"line":117,"column":70}},"67":{"start":{"line":119,"column":56},"end":{"line":119,"column":93}},"68":{"start":{"line":120,"column":29},"end":{"line":120,"column":119}},"69":{"start":{"line":121,"column":12},"end":{"line":121,"column":56}},"70":{"start":{"line":124,"column":8},"end":{"line":131,"column":10}},"71":{"start":{"line":125,"column":12},"end":{"line":125,"column":114}},"72":{"start":{"line":126,"column":12},"end":{"line":126,"column":70}},"73":{"start":{"line":128,"column":56},"end":{"line":128,"column":93}},"74":{"start":{"line":129,"column":29},"end":{"line":129,"column":127}},"75":{"start":{"line":130,"column":12},"end":{"line":130,"column":56}},"76":{"start":{"line":133,"column":8},"end":{"line":140,"column":10}},"77":{"start":{"line":134,"column":12},"end":{"line":134,"column":114}},"78":{"start":{"line":135,"column":12},"end":{"line":135,"column":70}},"79":{"start":{"line":137,"column":56},"end":{"line":137,"column":93}},"80":{"start":{"line":138,"column":29},"end":{"line":138,"column":128}},"81":{"start":{"line":139,"column":12},"end":{"line":139,"column":56}},"82":{"start":{"line":142,"column":8},"end":{"line":149,"column":10}},"83":{"start":{"line":143,"column":12},"end":{"line":143,"column":120}},"84":{"start":{"line":144,"column":12},"end":{"line":144,"column":70}},"85":{"start":{"line":146,"column":56},"end":{"line":146,"column":99}},"86":{"start":{"line":147,"column":29},"end":{"line":147,"column":130}},"87":{"start":{"line":148,"column":12},"end":{"line":148,"column":52}},"88":{"start":{"line":151,"column":8},"end":{"line":158,"column":10}},"89":{"start":{"line":152,"column":12},"end":{"line":152,"column":120}},"90":{"start":{"line":153,"column":12},"end":{"line":153,"column":70}},"91":{"start":{"line":155,"column":56},"end":{"line":155,"column":99}},"92":{"start":{"line":156,"column":29},"end":{"line":156,"column":119}},"93":{"start":{"line":157,"column":12},"end":{"line":157,"column":52}}},"fnMap":{"0":{"name":"(anonymous_0)","decl":{"start":{"line":14,"column":33},"end":{"line":14,"column":34}},"loc":{"start":{"line":14,"column":39},"end":{"line":162,"column":1}},"line":14},"1":{"name":"(anonymous_1)","decl":{"start":{"line":17,"column":35},"end":{"line":17,"column":36}},"loc":{"start":{"line":17,"column":41},"end":{"line":58,"column":5}},"line":17},"2":{"name":"(anonymous_2)","decl":{"start":{"line":20,"column":104},"end":{"line":20,"column":105}},"loc":{"start":{"line":20,"column":116},"end":{"line":27,"column":9}},"line":20},"3":{"name":"(anonymous_3)","decl":{"start":{"line":29,"column":111},"end":{"line":29,"column":112}},"loc":{"start":{"line":29,"column":123},"end":{"line":36,"column":9}},"line":29},"4":{"name":"(anonymous_4)","decl":{"start":{"line":38,"column":119},"end":{"line":38,"column":120}},"loc":{"start":{"line":38,"column":131},"end":{"line":45,"column":9}},"line":38},"5":{"name":"(anonymous_5)","decl":{"start":{"line":47,"column":109},"end":{"line":47,"column":110}},"loc":{"start":{"line":47,"column":121},"end":{"line":54,"column":9}},"line":47},"6":{"name":"(anonymous_6)","decl":{"start":{"line":61,"column":37},"end":{"line":61,"column":38}},"loc":{"start":{"line":61,"column":43},"end":{"line":109,"column":5}},"line":61},"7":{"name":"(anonymous_7)","decl":{"start":{"line":64,"column":106},"end":{"line":64,"column":107}},"loc":{"start":{"line":64,"column":118},"end":{"line":71,"column":9}},"line":64},"8":{"name":"(anonymous_8)","decl":{"start":{"line":73,"column":121},"end":{"line":73,"column":122}},"loc":{"start":{"line":73,"column":133},"end":{"line":80,"column":9}},"line":73},"9":{"name":"(anonymous_9)","decl":{"start":{"line":82,"column":113},"end":{"line":82,"column":114}},"loc":{"start":{"line":82,"column":125},"end":{"line":89,"column":9}},"line":82},"10":{"name":"(anonymous_10)","decl":{"start":{"line":91,"column":106},"end":{"line":91,"column":107}},"loc":{"start":{"line":91,"column":118},"end":{"line":98,"column":9}},"line":91},"11":{"name":"(anonymous_11)","decl":{"start":{"line":100,"column":111},"end":{"line":100,"column":112}},"loc":{"start":{"line":100,"column":123},"end":{"line":107,"column":9}},"line":100},"12":{"name":"(anonymous_12)","decl":{"start":{"line":112,"column":38},"end":{"line":112,"column":39}},"loc":{"start":{"line":112,"column":44},"end":{"line":160,"column":5}},"line":112},"13":{"name":"(anonymous_13)","decl":{"start":{"line":115,"column":126},"end":{"line":115,"column":127}},"loc":{"start":{"line":115,"column":138},"end":{"line":122,"column":9}},"line":115},"14":{"name":"(anonymous_14)","decl":{"start":{"line":124,"column":112},"end":{"line":124,"column":113}},"loc":{"start":{"line":124,"column":124},"end":{"line":131,"column":9}},"line":124},"15":{"name":"(anonymous_15)","decl":{"start":{"line":133,"column":126},"end":{"line":133,"column":127}},"loc":{"start":{"line":133,"column":138},"end":{"line":140,"column":9}},"line":133},"16":{"name":"(anonymous_16)","decl":{"start":{"line":142,"column":134},"end":{"line":142,"column":135}},"loc":{"start":{"line":142,"column":146},"end":{"line":149,"column":9}},"line":142},"17":{"name":"(anonymous_17)","decl":{"start":{"line":151,"column":126},"end":{"line":151,"column":127}},"loc":{"start":{"line":151,"column":138},"end":{"line":158,"column":9}},"line":151}},"branchMap":{},"s":{"0":0,"1":0,"2":0,"3":0,"4":0,"5":0,"6":0,"7":0,"8":0,"9":0,"10":0,"11":0,"12":0,"13":0,"14":0,"15":0,"16":0,"17":0,"18":0,"19":0,"20":0,"21":0,"22":0,"23":0,"24":0,"25":0,"26":0,"27":0,"28":0,"29":0,"30":0,"31":0,"32":0,"33":0,"34":0,"35":0,"36":0,"37":0,"38":0,"39":0,"40":0,"41":0,"42":0,"43":0,"44":0,"45":0,"46":0,"47":0,"48":0,"49":0,"50":0,"51":0,"52":0,"53":0,"54":0,"55":0,"56":0,"57":0,"58":0,"59":0,"60":0,"61":0,"62":0,"63":0,"64":0,"65":0,"66":0,"67":0,"68":0,"69":0,"70":0,"71":0,"72":0,"73":0,"74":0,"75":0,"76":0,"77":0,"78":0,"79":0,"80":0,"81":0,"82":0,"83":0,"84":0,"85":0,"86":0,"87":0,"88":0,"89":0,"90":0,"91":0,"92":0,"93":0},"f":{"0":0,"1":0,"2":0,"3":0,"4":0,"5":0,"6":0,"7":0,"8":0,"9":0,"10":0,"11":0,"12":0,"13":0,"14":0,"15":0,"16":0,"17":0},"b":{}},"C:\\Backend\\FeatureProvisioningBackend\\src\\lambdas\\ServiceSchedulerManager\\test\\services\\service-handler-test.ts":{"path":"C:\\Backend\\FeatureProvisioningBackend\\src\\lambdas\\ServiceSchedulerManager\\test\\services\\service-handler-test.ts","statementMap":{"0":{"start":{"line":8,"column":0},"end":{"line":8,"column":24}},"1":{"start":{"line":9,"column":15},"end":{"line":9,"column":26}},"2":{"start":{"line":11,"column":0},"end":{"line":292,"column":3}},"3":{"start":{"line":12,"column":33},"end":{"line":12,"column":53}},"4":{"start":{"line":14,"column":4},"end":{"line":29,"column":7}},"5":{"start":{"line":17,"column":8},"end":{"line":20,"column":10}},"6":{"start":{"line":18,"column":28},"end":{"line":18,"column":92}},"7":{"start":{"line":19,"column":12},"end":{"line":19,"column":74}},"8":{"start":{"line":22,"column":8},"end":{"line":27,"column":10}},"9":{"start":{"line":23,"column":35},"end":{"line":23,"column":73}},"10":{"start":{"line":24,"column":12},"end":{"line":24,"column":45}},"11":{"start":{"line":25,"column":12},"end":{"line":26,"column":61}},"12":{"start":{"line":25,"column":25},"end":{"line":25,"column":78}},"13":{"start":{"line":31,"column":4},"end":{"line":43,"column":7}},"14":{"start":{"line":32,"column":8},"end":{"line":35,"column":10}},"15":{"start":{"line":33,"column":28},"end":{"line":33,"column":88}},"16":{"start":{"line":34,"column":12},"end":{"line":34,"column":75}},"17":{"start":{"line":37,"column":8},"end":{"line":42,"column":10}},"18":{"start":{"line":38,"column":35},"end":{"line":38,"column":69}},"19":{"start":{"line":39,"column":12},"end":{"line":39,"column":45}},"20":{"start":{"line":40,"column":12},"end":{"line":41,"column":61}},"21":{"start":{"line":40,"column":25},"end":{"line":40,"column":78}},"22":{"start":{"line":45,"column":4},"end":{"line":57,"column":7}},"23":{"start":{"line":46,"column":8},"end":{"line":49,"column":10}},"24":{"start":{"line":47,"column":28},"end":{"line":47,"column":86}},"25":{"start":{"line":48,"column":12},"end":{"line":48,"column":73}},"26":{"start":{"line":51,"column":8},"end":{"line":56,"column":10}},"27":{"start":{"line":52,"column":35},"end":{"line":52,"column":67}},"28":{"start":{"line":53,"column":12},"end":{"line":53,"column":46}},"29":{"start":{"line":54,"column":12},"end":{"line":55,"column":61}},"30":{"start":{"line":54,"column":25},"end":{"line":54,"column":78}},"31":{"start":{"line":59,"column":4},"end":{"line":83,"column":7}},"32":{"start":{"line":60,"column":8},"end":{"line":63,"column":10}},"33":{"start":{"line":61,"column":28},"end":{"line":61,"column":100}},"34":{"start":{"line":62,"column":12},"end":{"line":62,"column":83}},"35":{"start":{"line":65,"column":8},"end":{"line":70,"column":10}},"36":{"start":{"line":66,"column":35},"end":{"line":66,"column":81}},"37":{"start":{"line":67,"column":12},"end":{"line":67,"column":45}},"38":{"start":{"line":68,"column":12},"end":{"line":69,"column":61}},"39":{"start":{"line":68,"column":25},"end":{"line":68,"column":78}},"40":{"start":{"line":72,"column":8},"end":{"line":75,"column":10}},"41":{"start":{"line":73,"column":28},"end":{"line":73,"column":100}},"42":{"start":{"line":74,"column":12},"end":{"line":74,"column":91}},"43":{"start":{"line":77,"column":8},"end":{"line":82,"column":10}},"44":{"start":{"line":78,"column":35},"end":{"line":78,"column":81}},"45":{"start":{"line":79,"column":12},"end":{"line":79,"column":45}},"46":{"start":{"line":80,"column":12},"end":{"line":81,"column":61}},"47":{"start":{"line":80,"column":25},"end":{"line":80,"column":78}},"48":{"start":{"line":85,"column":4},"end":{"line":109,"column":7}},"49":{"start":{"line":86,"column":8},"end":{"line":89,"column":10}},"50":{"start":{"line":87,"column":28},"end":{"line":87,"column":101}},"51":{"start":{"line":88,"column":12},"end":{"line":88,"column":84}},"52":{"start":{"line":91,"column":8},"end":{"line":96,"column":10}},"53":{"start":{"line":92,"column":35},"end":{"line":92,"column":82}},"54":{"start":{"line":93,"column":12},"end":{"line":93,"column":45}},"55":{"start":{"line":94,"column":12},"end":{"line":95,"column":61}},"56":{"start":{"line":94,"column":25},"end":{"line":94,"column":78}},"57":{"start":{"line":98,"column":8},"end":{"line":101,"column":10}},"58":{"start":{"line":99,"column":28},"end":{"line":99,"column":101}},"59":{"start":{"line":100,"column":12},"end":{"line":100,"column":92}},"60":{"start":{"line":103,"column":8},"end":{"line":108,"column":10}},"61":{"start":{"line":104,"column":35},"end":{"line":104,"column":82}},"62":{"start":{"line":105,"column":12},"end":{"line":105,"column":45}},"63":{"start":{"line":106,"column":12},"end":{"line":107,"column":61}},"64":{"start":{"line":106,"column":25},"end":{"line":106,"column":78}},"65":{"start":{"line":111,"column":4},"end":{"line":135,"column":7}},"66":{"start":{"line":112,"column":8},"end":{"line":115,"column":10}},"67":{"start":{"line":113,"column":28},"end":{"line":113,"column":100}},"68":{"start":{"line":114,"column":12},"end":{"line":114,"column":83}},"69":{"start":{"line":117,"column":8},"end":{"line":122,"column":10}},"70":{"start":{"line":118,"column":35},"end":{"line":118,"column":81}},"71":{"start":{"line":119,"column":12},"end":{"line":119,"column":45}},"72":{"start":{"line":120,"column":12},"end":{"line":121,"column":61}},"73":{"start":{"line":120,"column":25},"end":{"line":120,"column":78}},"74":{"start":{"line":124,"column":8},"end":{"line":127,"column":10}},"75":{"start":{"line":125,"column":28},"end":{"line":125,"column":100}},"76":{"start":{"line":126,"column":12},"end":{"line":126,"column":91}},"77":{"start":{"line":129,"column":8},"end":{"line":134,"column":10}},"78":{"start":{"line":130,"column":35},"end":{"line":130,"column":81}},"79":{"start":{"line":131,"column":12},"end":{"line":131,"column":45}},"80":{"start":{"line":132,"column":12},"end":{"line":133,"column":61}},"81":{"start":{"line":132,"column":25},"end":{"line":132,"column":78}},"82":{"start":{"line":137,"column":4},"end":{"line":149,"column":7}},"83":{"start":{"line":138,"column":8},"end":{"line":141,"column":10}},"84":{"start":{"line":139,"column":28},"end":{"line":139,"column":99}},"85":{"start":{"line":140,"column":12},"end":{"line":140,"column":83}},"86":{"start":{"line":143,"column":8},"end":{"line":148,"column":10}},"87":{"start":{"line":144,"column":35},"end":{"line":144,"column":80}},"88":{"start":{"line":145,"column":12},"end":{"line":145,"column":46}},"89":{"start":{"line":146,"column":12},"end":{"line":147,"column":61}},"90":{"start":{"line":146,"column":25},"end":{"line":146,"column":78}},"91":{"start":{"line":151,"column":4},"end":{"line":163,"column":7}},"92":{"start":{"line":152,"column":8},"end":{"line":155,"column":10}},"93":{"start":{"line":153,"column":28},"end":{"line":153,"column":89}},"94":{"start":{"line":154,"column":12},"end":{"line":154,"column":72}},"95":{"start":{"line":157,"column":8},"end":{"line":162,"column":10}},"96":{"start":{"line":158,"column":35},"end":{"line":158,"column":70}},"97":{"start":{"line":159,"column":12},"end":{"line":159,"column":45}},"98":{"start":{"line":160,"column":12},"end":{"line":161,"column":61}},"99":{"start":{"line":160,"column":25},"end":{"line":160,"column":78}},"100":{"start":{"line":165,"column":4},"end":{"line":177,"column":7}},"101":{"start":{"line":166,"column":8},"end":{"line":169,"column":10}},"102":{"start":{"line":167,"column":28},"end":{"line":167,"column":100}},"103":{"start":{"line":168,"column":12},"end":{"line":168,"column":86}},"104":{"start":{"line":171,"column":8},"end":{"line":176,"column":10}},"105":{"start":{"line":172,"column":35},"end":{"line":172,"column":81}},"106":{"start":{"line":173,"column":12},"end":{"line":173,"column":45}},"107":{"start":{"line":174,"column":12},"end":{"line":175,"column":61}},"108":{"start":{"line":174,"column":25},"end":{"line":174,"column":78}},"109":{"start":{"line":179,"column":4},"end":{"line":191,"column":7}},"110":{"start":{"line":180,"column":8},"end":{"line":183,"column":10}},"111":{"start":{"line":181,"column":28},"end":{"line":181,"column":93}},"112":{"start":{"line":182,"column":12},"end":{"line":182,"column":95}},"113":{"start":{"line":185,"column":8},"end":{"line":190,"column":10}},"114":{"start":{"line":186,"column":35},"end":{"line":186,"column":74}},"115":{"start":{"line":187,"column":12},"end":{"line":187,"column":45}},"116":{"start":{"line":188,"column":12},"end":{"line":189,"column":61}},"117":{"start":{"line":188,"column":25},"end":{"line":188,"column":78}},"118":{"start":{"line":193,"column":4},"end":{"line":205,"column":7}},"119":{"start":{"line":194,"column":8},"end":{"line":197,"column":10}},"120":{"start":{"line":195,"column":28},"end":{"line":195,"column":100}},"121":{"start":{"line":196,"column":12},"end":{"line":196,"column":84}},"122":{"start":{"line":199,"column":8},"end":{"line":204,"column":10}},"123":{"start":{"line":200,"column":35},"end":{"line":200,"column":81}},"124":{"start":{"line":201,"column":12},"end":{"line":201,"column":45}},"125":{"start":{"line":202,"column":12},"end":{"line":203,"column":61}},"126":{"start":{"line":202,"column":25},"end":{"line":202,"column":78}},"127":{"start":{"line":207,"column":4},"end":{"line":237,"column":7}},"128":{"start":{"line":208,"column":8},"end":{"line":211,"column":10}},"129":{"start":{"line":209,"column":28},"end":{"line":209,"column":93}},"130":{"start":{"line":210,"column":12},"end":{"line":210,"column":76}},"131":{"start":{"line":213,"column":8},"end":{"line":218,"column":10}},"132":{"start":{"line":214,"column":35},"end":{"line":214,"column":74}},"133":{"start":{"line":215,"column":12},"end":{"line":215,"column":45}},"134":{"start":{"line":216,"column":12},"end":{"line":217,"column":61}},"135":{"start":{"line":216,"column":25},"end":{"line":216,"column":78}},"136":{"start":{"line":220,"column":8},"end":{"line":223,"column":10}},"137":{"start":{"line":221,"column":28},"end":{"line":221,"column":92}},"138":{"start":{"line":222,"column":12},"end":{"line":222,"column":86}},"139":{"start":{"line":225,"column":8},"end":{"line":230,"column":10}},"140":{"start":{"line":226,"column":35},"end":{"line":226,"column":73}},"141":{"start":{"line":227,"column":12},"end":{"line":227,"column":45}},"142":{"start":{"line":228,"column":12},"end":{"line":229,"column":61}},"143":{"start":{"line":228,"column":25},"end":{"line":228,"column":78}},"144":{"start":{"line":232,"column":8},"end":{"line":236,"column":10}},"145":{"start":{"line":233,"column":35},"end":{"line":233,"column":81}},"146":{"start":{"line":234,"column":12},"end":{"line":235,"column":58}},"147":{"start":{"line":234,"column":25},"end":{"line":234,"column":78}},"148":{"start":{"line":239,"column":4},"end":{"line":251,"column":7}},"149":{"start":{"line":240,"column":8},"end":{"line":243,"column":10}},"150":{"start":{"line":241,"column":28},"end":{"line":241,"column":97}},"151":{"start":{"line":242,"column":12},"end":{"line":242,"column":81}},"152":{"start":{"line":245,"column":8},"end":{"line":250,"column":10}},"153":{"start":{"line":246,"column":35},"end":{"line":246,"column":78}},"154":{"start":{"line":247,"column":12},"end":{"line":247,"column":46}},"155":{"start":{"line":248,"column":12},"end":{"line":249,"column":61}},"156":{"start":{"line":248,"column":25},"end":{"line":248,"column":78}},"157":{"start":{"line":253,"column":4},"end":{"line":282,"column":7}},"158":{"start":{"line":254,"column":8},"end":{"line":257,"column":10}},"159":{"start":{"line":255,"column":28},"end":{"line":255,"column":95}},"160":{"start":{"line":256,"column":12},"end":{"line":256,"column":86}},"161":{"start":{"line":259,"column":8},"end":{"line":264,"column":10}},"162":{"start":{"line":260,"column":35},"end":{"line":260,"column":76}},"163":{"start":{"line":261,"column":12},"end":{"line":261,"column":45}},"164":{"start":{"line":262,"column":12},"end":{"line":263,"column":61}},"165":{"start":{"line":262,"column":25},"end":{"line":262,"column":78}},"166":{"start":{"line":266,"column":8},"end":{"line":269,"column":10}},"167":{"start":{"line":267,"column":28},"end":{"line":267,"column":99}},"168":{"start":{"line":268,"column":12},"end":{"line":268,"column":91}},"169":{"start":{"line":271,"column":8},"end":{"line":276,"column":10}},"170":{"start":{"line":272,"column":35},"end":{"line":272,"column":80}},"171":{"start":{"line":273,"column":12},"end":{"line":273,"column":45}},"172":{"start":{"line":274,"column":12},"end":{"line":275,"column":61}},"173":{"start":{"line":274,"column":25},"end":{"line":274,"column":78}},"174":{"start":{"line":277,"column":8},"end":{"line":281,"column":10}},"175":{"start":{"line":278,"column":35},"end":{"line":278,"column":88}},"176":{"start":{"line":279,"column":12},"end":{"line":280,"column":58}},"177":{"start":{"line":279,"column":25},"end":{"line":279,"column":78}},"178":{"start":{"line":284,"column":4},"end":{"line":290,"column":7}},"179":{"start":{"line":285,"column":8},"end":{"line":289,"column":10}},"180":{"start":{"line":286,"column":35},"end":{"line":286,"column":83}},"181":{"start":{"line":287,"column":12},"end":{"line":288,"column":57}},"182":{"start":{"line":287,"column":25},"end":{"line":287,"column":78}}},"fnMap":{"0":{"name":"(anonymous_0)","decl":{"start":{"line":11,"column":27},"end":{"line":11,"column":28}},"loc":{"start":{"line":11,"column":33},"end":{"line":292,"column":1}},"line":11},"1":{"name":"(anonymous_1)","decl":{"start":{"line":14,"column":26},"end":{"line":14,"column":27}},"loc":{"start":{"line":14,"column":32},"end":{"line":29,"column":5}},"line":14},"2":{"name":"(anonymous_2)","decl":{"start":{"line":17,"column":67},"end":{"line":17,"column":68}},"loc":{"start":{"line":17,"column":73},"end":{"line":20,"column":9}},"line":17},"3":{"name":"(anonymous_3)","decl":{"start":{"line":22,"column":77},"end":{"line":22,"column":78}},"loc":{"start":{"line":22,"column":83},"end":{"line":27,"column":9}},"line":22},"4":{"name":"(anonymous_4)","decl":{"start":{"line":25,"column":19},"end":{"line":25,"column":20}},"loc":{"start":{"line":25,"column":25},"end":{"line":25,"column":78}},"line":25},"5":{"name":"(anonymous_5)","decl":{"start":{"line":31,"column":27},"end":{"line":31,"column":28}},"loc":{"start":{"line":31,"column":33},"end":{"line":43,"column":5}},"line":31},"6":{"name":"(anonymous_6)","decl":{"start":{"line":32,"column":68},"end":{"line":32,"column":69}},"loc":{"start":{"line":32,"column":74},"end":{"line":35,"column":9}},"line":32},"7":{"name":"(anonymous_7)","decl":{"start":{"line":37,"column":78},"end":{"line":37,"column":79}},"loc":{"start":{"line":37,"column":84},"end":{"line":42,"column":9}},"line":37},"8":{"name":"(anonymous_8)","decl":{"start":{"line":40,"column":19},"end":{"line":40,"column":20}},"loc":{"start":{"line":40,"column":25},"end":{"line":40,"column":78}},"line":40},"9":{"name":"(anonymous_9)","decl":{"start":{"line":45,"column":25},"end":{"line":45,"column":26}},"loc":{"start":{"line":45,"column":31},"end":{"line":57,"column":5}},"line":45},"10":{"name":"(anonymous_10)","decl":{"start":{"line":46,"column":74},"end":{"line":46,"column":75}},"loc":{"start":{"line":46,"column":80},"end":{"line":49,"column":9}},"line":46},"11":{"name":"(anonymous_11)","decl":{"start":{"line":51,"column":77},"end":{"line":51,"column":78}},"loc":{"start":{"line":51,"column":83},"end":{"line":56,"column":9}},"line":51},"12":{"name":"(anonymous_12)","decl":{"start":{"line":54,"column":19},"end":{"line":54,"column":20}},"loc":{"start":{"line":54,"column":25},"end":{"line":54,"column":78}},"line":54},"13":{"name":"(anonymous_13)","decl":{"start":{"line":59,"column":34},"end":{"line":59,"column":35}},"loc":{"start":{"line":59,"column":40},"end":{"line":83,"column":5}},"line":59},"14":{"name":"(anonymous_14)","decl":{"start":{"line":60,"column":75},"end":{"line":60,"column":76}},"loc":{"start":{"line":60,"column":81},"end":{"line":63,"column":9}},"line":60},"15":{"name":"(anonymous_15)","decl":{"start":{"line":65,"column":77},"end":{"line":65,"column":78}},"loc":{"start":{"line":65,"column":83},"end":{"line":70,"column":9}},"line":65},"16":{"name":"(anonymous_16)","decl":{"start":{"line":68,"column":19},"end":{"line":68,"column":20}},"loc":{"start":{"line":68,"column":25},"end":{"line":68,"column":78}},"line":68},"17":{"name":"(anonymous_17)","decl":{"start":{"line":72,"column":80},"end":{"line":72,"column":81}},"loc":{"start":{"line":72,"column":86},"end":{"line":75,"column":9}},"line":72},"18":{"name":"(anonymous_18)","decl":{"start":{"line":77,"column":77},"end":{"line":77,"column":78}},"loc":{"start":{"line":77,"column":83},"end":{"line":82,"column":9}},"line":77},"19":{"name":"(anonymous_19)","decl":{"start":{"line":80,"column":19},"end":{"line":80,"column":20}},"loc":{"start":{"line":80,"column":25},"end":{"line":80,"column":78}},"line":80},"20":{"name":"(anonymous_20)","decl":{"start":{"line":85,"column":35},"end":{"line":85,"column":36}},"loc":{"start":{"line":85,"column":41},"end":{"line":109,"column":5}},"line":85},"21":{"name":"(anonymous_21)","decl":{"start":{"line":86,"column":76},"end":{"line":86,"column":77}},"loc":{"start":{"line":86,"column":82},"end":{"line":89,"column":9}},"line":86},"22":{"name":"(anonymous_22)","decl":{"start":{"line":91,"column":77},"end":{"line":91,"column":78}},"loc":{"start":{"line":91,"column":83},"end":{"line":96,"column":9}},"line":91},"23":{"name":"(anonymous_23)","decl":{"start":{"line":94,"column":19},"end":{"line":94,"column":20}},"loc":{"start":{"line":94,"column":25},"end":{"line":94,"column":78}},"line":94},"24":{"name":"(anonymous_24)","decl":{"start":{"line":98,"column":81},"end":{"line":98,"column":82}},"loc":{"start":{"line":98,"column":87},"end":{"line":101,"column":9}},"line":98},"25":{"name":"(anonymous_25)","decl":{"start":{"line":103,"column":77},"end":{"line":103,"column":78}},"loc":{"start":{"line":103,"column":83},"end":{"line":108,"column":9}},"line":103},"26":{"name":"(anonymous_26)","decl":{"start":{"line":106,"column":19},"end":{"line":106,"column":20}},"loc":{"start":{"line":106,"column":25},"end":{"line":106,"column":78}},"line":106},"27":{"name":"(anonymous_27)","decl":{"start":{"line":111,"column":34},"end":{"line":111,"column":35}},"loc":{"start":{"line":111,"column":40},"end":{"line":135,"column":5}},"line":111},"28":{"name":"(anonymous_28)","decl":{"start":{"line":112,"column":75},"end":{"line":112,"column":76}},"loc":{"start":{"line":112,"column":81},"end":{"line":115,"column":9}},"line":112},"29":{"name":"(anonymous_29)","decl":{"start":{"line":117,"column":77},"end":{"line":117,"column":78}},"loc":{"start":{"line":117,"column":83},"end":{"line":122,"column":9}},"line":117},"30":{"name":"(anonymous_30)","decl":{"start":{"line":120,"column":19},"end":{"line":120,"column":20}},"loc":{"start":{"line":120,"column":25},"end":{"line":120,"column":78}},"line":120},"31":{"name":"(anonymous_31)","decl":{"start":{"line":124,"column":80},"end":{"line":124,"column":81}},"loc":{"start":{"line":124,"column":86},"end":{"line":127,"column":9}},"line":124},"32":{"name":"(anonymous_32)","decl":{"start":{"line":129,"column":77},"end":{"line":129,"column":78}},"loc":{"start":{"line":129,"column":83},"end":{"line":134,"column":9}},"line":129},"33":{"name":"(anonymous_33)","decl":{"start":{"line":132,"column":19},"end":{"line":132,"column":20}},"loc":{"start":{"line":132,"column":25},"end":{"line":132,"column":78}},"line":132},"34":{"name":"(anonymous_34)","decl":{"start":{"line":137,"column":38},"end":{"line":137,"column":39}},"loc":{"start":{"line":137,"column":44},"end":{"line":149,"column":5}},"line":137},"35":{"name":"(anonymous_35)","decl":{"start":{"line":138,"column":73},"end":{"line":138,"column":74}},"loc":{"start":{"line":138,"column":79},"end":{"line":141,"column":9}},"line":138},"36":{"name":"(anonymous_36)","decl":{"start":{"line":143,"column":90},"end":{"line":143,"column":91}},"loc":{"start":{"line":143,"column":96},"end":{"line":148,"column":9}},"line":143},"37":{"name":"(anonymous_37)","decl":{"start":{"line":146,"column":19},"end":{"line":146,"column":20}},"loc":{"start":{"line":146,"column":25},"end":{"line":146,"column":78}},"line":146},"38":{"name":"(anonymous_38)","decl":{"start":{"line":151,"column":28},"end":{"line":151,"column":29}},"loc":{"start":{"line":151,"column":34},"end":{"line":163,"column":5}},"line":151},"39":{"name":"(anonymous_39)","decl":{"start":{"line":152,"column":62},"end":{"line":152,"column":63}},"loc":{"start":{"line":152,"column":68},"end":{"line":155,"column":9}},"line":152},"40":{"name":"(anonymous_40)","decl":{"start":{"line":157,"column":79},"end":{"line":157,"column":80}},"loc":{"start":{"line":157,"column":85},"end":{"line":162,"column":9}},"line":157},"41":{"name":"(anonymous_41)","decl":{"start":{"line":160,"column":19},"end":{"line":160,"column":20}},"loc":{"start":{"line":160,"column":25},"end":{"line":160,"column":78}},"line":160},"42":{"name":"(anonymous_42)","decl":{"start":{"line":165,"column":41},"end":{"line":165,"column":42}},"loc":{"start":{"line":165,"column":47},"end":{"line":177,"column":5}},"line":165},"43":{"name":"(anonymous_43)","decl":{"start":{"line":166,"column":76},"end":{"line":166,"column":77}},"loc":{"start":{"line":166,"column":82},"end":{"line":169,"column":9}},"line":166},"44":{"name":"(anonymous_44)","decl":{"start":{"line":171,"column":93},"end":{"line":171,"column":94}},"loc":{"start":{"line":171,"column":99},"end":{"line":176,"column":9}},"line":171},"45":{"name":"(anonymous_45)","decl":{"start":{"line":174,"column":19},"end":{"line":174,"column":20}},"loc":{"start":{"line":174,"column":25},"end":{"line":174,"column":78}},"line":174},"46":{"name":"(anonymous_46)","decl":{"start":{"line":179,"column":48},"end":{"line":179,"column":49}},"loc":{"start":{"line":179,"column":54},"end":{"line":191,"column":5}},"line":179},"47":{"name":"(anonymous_47)","decl":{"start":{"line":180,"column":67},"end":{"line":180,"column":68}},"loc":{"start":{"line":180,"column":73},"end":{"line":183,"column":9}},"line":180},"48":{"name":"(anonymous_48)","decl":{"start":{"line":185,"column":84},"end":{"line":185,"column":85}},"loc":{"start":{"line":185,"column":90},"end":{"line":190,"column":9}},"line":185},"49":{"name":"(anonymous_49)","decl":{"start":{"line":188,"column":19},"end":{"line":188,"column":20}},"loc":{"start":{"line":188,"column":25},"end":{"line":188,"column":78}},"line":188},"50":{"name":"(anonymous_50)","decl":{"start":{"line":193,"column":39},"end":{"line":193,"column":40}},"loc":{"start":{"line":193,"column":45},"end":{"line":205,"column":5}},"line":193},"51":{"name":"(anonymous_51)","decl":{"start":{"line":194,"column":74},"end":{"line":194,"column":75}},"loc":{"start":{"line":194,"column":80},"end":{"line":197,"column":9}},"line":194},"52":{"name":"(anonymous_52)","decl":{"start":{"line":199,"column":91},"end":{"line":199,"column":92}},"loc":{"start":{"line":199,"column":97},"end":{"line":204,"column":9}},"line":199},"53":{"name":"(anonymous_53)","decl":{"start":{"line":202,"column":19},"end":{"line":202,"column":20}},"loc":{"start":{"line":202,"column":25},"end":{"line":202,"column":78}},"line":202},"54":{"name":"(anonymous_54)","decl":{"start":{"line":207,"column":35},"end":{"line":207,"column":36}},"loc":{"start":{"line":207,"column":41},"end":{"line":237,"column":5}},"line":207},"55":{"name":"(anonymous_55)","decl":{"start":{"line":208,"column":66},"end":{"line":208,"column":67}},"loc":{"start":{"line":208,"column":72},"end":{"line":211,"column":9}},"line":208},"56":{"name":"(anonymous_56)","decl":{"start":{"line":213,"column":84},"end":{"line":213,"column":85}},"loc":{"start":{"line":213,"column":90},"end":{"line":218,"column":9}},"line":213},"57":{"name":"(anonymous_57)","decl":{"start":{"line":216,"column":19},"end":{"line":216,"column":20}},"loc":{"start":{"line":216,"column":25},"end":{"line":216,"column":78}},"line":216},"58":{"name":"(anonymous_58)","decl":{"start":{"line":220,"column":72},"end":{"line":220,"column":73}},"loc":{"start":{"line":220,"column":78},"end":{"line":223,"column":9}},"line":220},"59":{"name":"(anonymous_59)","decl":{"start":{"line":225,"column":86},"end":{"line":225,"column":87}},"loc":{"start":{"line":225,"column":92},"end":{"line":230,"column":9}},"line":225},"60":{"name":"(anonymous_60)","decl":{"start":{"line":228,"column":19},"end":{"line":228,"column":20}},"loc":{"start":{"line":228,"column":25},"end":{"line":228,"column":78}},"line":228},"61":{"name":"(anonymous_61)","decl":{"start":{"line":232,"column":73},"end":{"line":232,"column":74}},"loc":{"start":{"line":232,"column":79},"end":{"line":236,"column":9}},"line":232},"62":{"name":"(anonymous_62)","decl":{"start":{"line":234,"column":19},"end":{"line":234,"column":20}},"loc":{"start":{"line":234,"column":25},"end":{"line":234,"column":78}},"line":234},"63":{"name":"(anonymous_63)","decl":{"start":{"line":239,"column":36},"end":{"line":239,"column":37}},"loc":{"start":{"line":239,"column":42},"end":{"line":251,"column":5}},"line":239},"64":{"name":"(anonymous_64)","decl":{"start":{"line":240,"column":71},"end":{"line":240,"column":72}},"loc":{"start":{"line":240,"column":77},"end":{"line":243,"column":9}},"line":240},"65":{"name":"(anonymous_65)","decl":{"start":{"line":245,"column":88},"end":{"line":245,"column":89}},"loc":{"start":{"line":245,"column":94},"end":{"line":250,"column":9}},"line":245},"66":{"name":"(anonymous_66)","decl":{"start":{"line":248,"column":19},"end":{"line":248,"column":20}},"loc":{"start":{"line":248,"column":25},"end":{"line":248,"column":78}},"line":248},"67":{"name":"(anonymous_67)","decl":{"start":{"line":253,"column":40},"end":{"line":253,"column":41}},"loc":{"start":{"line":253,"column":46},"end":{"line":282,"column":5}},"line":253},"68
[...]
":78}},"47":{"start":{"line":82,"column":56},"end":{"line":82,"column":97}},"48":{"start":{"line":83,"column":29},"end":{"line":83,"column":135}},"49":{"start":{"line":84,"column":12},"end":{"line":84,"column":56}},"50":{"start":{"line":87,"column":8},"end":{"line":94,"column":10}},"51":{"start":{"line":88,"column":12},"end":{"line":88,"column":124}},"52":{"start":{"line":89,"column":12},"end":{"line":89,"column":78}},"53":{"start":{"line":91,"column":56},"end":{"line":91,"column":97}},"54":{"start":{"line":92,"column":29},"end":{"line":92,"column":143}},"55":{"start":{"line":93,"column":12},"end":{"line":93,"column":56}},"56":{"start":{"line":96,"column":8},"end":{"line":103,"column":10}},"57":{"start":{"line":97,"column":12},"end":{"line":97,"column":124}},"58":{"start":{"line":98,"column":12},"end":{"line":98,"column":78}},"59":{"start":{"line":100,"column":56},"end":{"line":100,"column":97}},"60":{"start":{"line":101,"column":29},"end":{"line":101,"column":144}},"61":{"start":{"line":102,"column":12},"end":{"line":102,"column":56}},"62":{"start":{"line":105,"column":8},"end":{"line":112,"column":10}},"63":{"start":{"line":106,"column":12},"end":{"line":106,"column":130}},"64":{"start":{"line":107,"column":12},"end":{"line":107,"column":78}},"65":{"start":{"line":109,"column":56},"end":{"line":109,"column":103}},"66":{"start":{"line":110,"column":29},"end":{"line":110,"column":135}},"67":{"start":{"line":111,"column":12},"end":{"line":111,"column":52}},"68":{"start":{"line":114,"column":8},"end":{"line":121,"column":10}},"69":{"start":{"line":115,"column":12},"end":{"line":115,"column":130}},"70":{"start":{"line":116,"column":12},"end":{"line":116,"column":78}},"71":{"start":{"line":118,"column":56},"end":{"line":118,"column":103}},"72":{"start":{"line":119,"column":29},"end":{"line":119,"column":135}},"73":{"start":{"line":120,"column":12},"end":{"line":120,"column":52}},"74":{"start":{"line":124,"column":4},"end":{"line":173,"column":7}},"75":{"start":{"line":125,"column":8},"end":{"line":125,"column":33}},"76":{"start":{"line":127,"column":8},"end":{"line":134,"column":10}},"77":{"start":{"line":128,"column":12},"end":{"line":128,"column":110}},"78":{"start":{"line":129,"column":12},"end":{"line":129,"column":78}},"79":{"start":{"line":131,"column":59},"end":{"line":131,"column":90}},"80":{"start":{"line":132,"column":29},"end":{"line":132,"column":115}},"81":{"start":{"line":133,"column":12},"end":{"line":133,"column":56}},"82":{"start":{"line":137,"column":8},"end":{"line":144,"column":10}},"83":{"start":{"line":138,"column":12},"end":{"line":138,"column":110}},"84":{"start":{"line":139,"column":12},"end":{"line":139,"column":78}},"85":{"start":{"line":141,"column":59},"end":{"line":141,"column":90}},"86":{"start":{"line":142,"column":29},"end":{"line":142,"column":126}},"87":{"start":{"line":143,"column":12},"end":{"line":143,"column":56}},"88":{"start":{"line":146,"column":8},"end":{"line":153,"column":10}},"89":{"start":{"line":147,"column":12},"end":{"line":147,"column":110}},"90":{"start":{"line":148,"column":12},"end":{"line":148,"column":78}},"91":{"start":{"line":150,"column":59},"end":{"line":150,"column":90}},"92":{"start":{"line":151,"column":29},"end":{"line":151,"column":128}},"93":{"start":{"line":152,"column":12},"end":{"line":152,"column":56}},"94":{"start":{"line":155,"column":8},"end":{"line":162,"column":10}},"95":{"start":{"line":156,"column":12},"end":{"line":156,"column":119}},"96":{"start":{"line":157,"column":12},"end":{"line":157,"column":78}},"97":{"start":{"line":159,"column":59},"end":{"line":159,"column":99}},"98":{"start":{"line":160,"column":29},"end":{"line":160,"column":115}},"99":{"start":{"line":161,"column":12},"end":{"line":161,"column":56}},"100":{"start":{"line":164,"column":8},"end":{"line":171,"column":10}},"101":{"start":{"line":165,"column":12},"end":{"line":165,"column":119}},"102":{"start":{"line":166,"column":12},"end":{"line":166,"column":78}},"103":{"start":{"line":168,"column":59},"end":{"line":168,"column":99}},"104":{"start":{"line":169,"column":29},"end":{"line":169,"column":123}},"105":{"start":{"line":170,"column":12},"end":{"line":170,"column":56}},"106":{"start":{"line":175,"column":4},"end":{"line":231,"column":7}},"107":{"start":{"line":176,"column":8},"end":{"line":176,"column":33}},"108":{"start":{"line":178,"column":8},"end":{"line":185,"column":10}},"109":{"start":{"line":179,"column":12},"end":{"line":179,"column":118}},"110":{"start":{"line":180,"column":12},"end":{"line":180,"column":78}},"111":{"start":{"line":182,"column":54},"end":{"line":182,"column":95}},"112":{"start":{"line":183,"column":29},"end":{"line":183,"column":135}},"113":{"start":{"line":184,"column":12},"end":{"line":184,"column":56}},"114":{"start":{"line":187,"column":8},"end":{"line":194,"column":10}},"115":{"start":{"line":188,"column":12},"end":{"line":188,"column":118}},"116":{"start":{"line":189,"column":12},"end":{"line":189,"column":78}},"117":{"start":{"line":191,"column":54},"end":{"line":191,"column":95}},"118":{"start":{"line":192,"column":29},"end":{"line":192,"column":144}},"119":{"start":{"line":193,"column":12},"end":{"line":193,"column":56}},"120":{"start":{"line":196,"column":8},"end":{"line":203,"column":10}},"121":{"start":{"line":197,"column":12},"end":{"line":197,"column":118}},"122":{"start":{"line":198,"column":12},"end":{"line":198,"column":78}},"123":{"start":{"line":200,"column":54},"end":{"line":200,"column":95}},"124":{"start":{"line":201,"column":29},"end":{"line":201,"column":143}},"125":{"start":{"line":202,"column":12},"end":{"line":202,"column":56}},"126":{"start":{"line":205,"column":8},"end":{"line":212,"column":10}},"127":{"start":{"line":206,"column":12},"end":{"line":206,"column":118}},"128":{"start":{"line":207,"column":12},"end":{"line":207,"column":78}},"129":{"start":{"line":209,"column":54},"end":{"line":209,"column":95}},"130":{"start":{"line":210,"column":29},"end":{"line":210,"column":146}},"131":{"start":{"line":211,"column":12},"end":{"line":211,"column":56}},"132":{"start":{"line":214,"column":8},"end":{"line":221,"column":10}},"133":{"start":{"line":215,"column":12},"end":{"line":215,"column":124}},"134":{"start":{"line":216,"column":12},"end":{"line":216,"column":78}},"135":{"start":{"line":218,"column":54},"end":{"line":218,"column":101}},"136":{"start":{"line":219,"column":29},"end":{"line":219,"column":135}},"137":{"start":{"line":220,"column":12},"end":{"line":220,"column":52}},"138":{"start":{"line":223,"column":8},"end":{"line":230,"column":10}},"139":{"start":{"line":224,"column":12},"end":{"line":224,"column":124}},"140":{"start":{"line":225,"column":12},"end":{"line":225,"column":78}},"141":{"start":{"line":227,"column":54},"end":{"line":227,"column":101}},"142":{"start":{"line":228,"column":29},"end":{"line":228,"column":143}},"143":{"start":{"line":229,"column":12},"end":{"line":229,"column":52}},"144":{"start":{"line":233,"column":4},"end":{"line":290,"column":7}},"145":{"start":{"line":234,"column":8},"end":{"line":234,"column":33}},"146":{"start":{"line":236,"column":8},"end":{"line":243,"column":10}},"147":{"start":{"line":237,"column":12},"end":{"line":237,"column":117}},"148":{"start":{"line":238,"column":12},"end":{"line":238,"column":78}},"149":{"start":{"line":240,"column":55},"end":{"line":240,"column":89}},"150":{"start":{"line":241,"column":29},"end":{"line":241,"column":121}},"151":{"start":{"line":242,"column":12},"end":{"line":242,"column":56}},"152":{"start":{"line":245,"column":8},"end":{"line":252,"column":10}},"153":{"start":{"line":246,"column":12},"end":{"line":246,"column":117}},"154":{"start":{"line":247,"column":12},"end":{"line":247,"column":78}},"155":{"start":{"line":249,"column":55},"end":{"line":249,"column":89}},"156":{"start":{"line":250,"column":29},"end":{"line":250,"column":130}},"157":{"start":{"line":251,"column":12},"end":{"line":251,"column":56}},"158":{"start":{"line":254,"column":8},"end":{"line":261,"column":10}},"159":{"start":{"line":255,"column":12},"end":{"line":255,"column":117}},"160":{"start":{"line":256,"column":12},"end":{"line":256,"column":78}},"161":{"start":{"line":258,"column":55},"end":{"line":258,"column":89}},"162":{"start":{"line":259,"column":29},"end":{"line":259,"column":129}},"163":{"start":{"line":260,"column":12},"end":{"line":260,"column":56}},"164":{"start":{"line":263,"column":8},"end":{"line":270,"column":10}},"165":{"start":{"line":264,"column":12},"end":{"line":264,"column":117}},"166":{"start":{"line":265,"column":12},"end":{"line":265,"column":78}},"167":{"start":{"line":267,"column":55},"end":{"line":267,"column":89}},"168":{"start":{"line":268,"column":29},"end":{"line":268,"column":132}},"169":{"start":{"line":269,"column":12},"end":{"line":269,"column":56}},"170":{"start":{"line":272,"column":8},"end":{"line":279,"column":10}},"171":{"start":{"line":273,"column":12},"end":{"line":273,"column":123}},"172":{"start":{"line":274,"column":12},"end":{"line":274,"column":78}},"173":{"start":{"line":276,"column":55},"end":{"line":276,"column":95}},"174":{"start":{"line":277,"column":29},"end":{"line":277,"column":121}},"175":{"start":{"line":278,"column":12},"end":{"line":278,"column":52}},"176":{"start":{"line":281,"column":8},"end":{"line":288,"column":10}},"177":{"start":{"line":282,"column":12},"end":{"line":282,"column":123}},"178":{"start":{"line":283,"column":12},"end":{"line":283,"column":78}},"179":{"start":{"line":285,"column":55},"end":{"line":285,"column":95}},"180":{"start":{"line":286,"column":29},"end":{"line":286,"column":132}},"181":{"start":{"line":287,"column":12},"end":{"line":287,"column":52}},"182":{"start":{"line":292,"column":4},"end":{"line":322,"column":7}},"183":{"start":{"line":293,"column":8},"end":{"line":293,"column":33}},"184":{"start":{"line":295,"column":8},"end":{"line":302,"column":10}},"185":{"start":{"line":296,"column":12},"end":{"line":296,"column":113}},"186":{"start":{"line":297,"column":12},"end":{"line":297,"column":78}},"187":{"start":{"line":299,"column":56},"end":{"line":299,"column":90}},"188":{"start":{"line":300,"column":29},"end":{"line":300,"column":121}},"189":{"start":{"line":301,"column":12},"end":{"line":301,"column":56}},"190":{"start":{"line":304,"column":8},"end":{"line":311,"column":10}},"191":{"start":{"line":305,"column":12},"end":{"line":305,"column":119}},"192":{"start":{"line":306,"column":12},"end":{"line":306,"column":78}},"193":{"start":{"line":308,"column":56},"end":{"line":308,"column":96}},"194":{"start":{"line":309,"column":29},"end":{"line":309,"column":121}},"195":{"start":{"line":310,"column":12},"end":{"line":310,"column":52}},"196":{"start":{"line":313,"column":8},"end":{"line":320,"column":10}},"197":{"start":{"line":314,"column":12},"end":{"line":314,"column":119}},"198":{"start":{"line":315,"column":12},"end":{"line":315,"column":78}},"199":{"start":{"line":317,"column":56},"end":{"line":317,"column":96}},"200":{"start":{"line":318,"column":29},"end":{"line":318,"column":121}},"201":{"start":{"line":319,"column":12},"end":{"line":319,"column":52}}},"fnMap":{"0":{"name":"(anonymous_0)","decl":{"start":{"line":13,"column":42},"end":{"line":13,"column":43}},"loc":{"start":{"line":13,"column":48},"end":{"line":324,"column":1}},"line":13},"1":{"name":"(anonymous_1)","decl":{"start":{"line":16,"column":34},"end":{"line":16,"column":35}},"loc":{"start":{"line":16,"column":40},"end":{"line":73,"column":5}},"line":16},"2":{"name":"(anonymous_2)","decl":{"start":{"line":19,"column":104},"end":{"line":19,"column":105}},"loc":{"start":{"line":19,"column":116},"end":{"line":26,"column":9}},"line":19},"3":{"name":"(anonymous_3)","decl":{"start":{"line":28,"column":119},"end":{"line":28,"column":120}},"loc":{"start":{"line":28,"column":131},"end":{"line":35,"column":9}},"line":28},"4":{"name":"(anonymous_4)","decl":{"start":{"line":37,"column":119},"end":{"line":37,"column":120}},"loc":{"start":{"line":37,"column":131},"end":{"line":44,"column":9}},"line":37},"5":{"name":"(anonymous_5)","decl":{"start":{"line":46,"column":111},"end":{"line":46,"column":112}},"loc":{"start":{"line":46,"column":123},"end":{"line":53,"column":9}},"line":46},"6":{"name":"(anonymous_6)","decl":{"start":{"line":55,"column":104},"end":{"line":55,"column":105}},"loc":{"start":{"line":55,"column":116},"end":{"line":62,"column":9}},"line":55},"7":{"name":"(anonymous_7)","decl":{"start":{"line":64,"column":109},"end":{"line":64,"column":110}},"loc":{"start":{"line":64,"column":121},"end":{"line":71,"column":9}},"line":64},"8":{"name":"(anonymous_8)","decl":{"start":{"line":75,"column":41},"end":{"line":75,"column":42}},"loc":{"start":{"line":75,"column":47},"end":{"line":122,"column":5}},"line":75},"9":{"name":"(anonymous_9)","decl":{"start":{"line":78,"column":130},"end":{"line":78,"column":131}},"loc":{"start":{"line":78,"column":142},"end":{"line":85,"column":9}},"line":78},"10":{"name":"(anonymous_10)","decl":{"start":{"line":87,"column":116},"end":{"line":87,"column":117}},"loc":{"start":{"line":87,"column":128},"end":{"line":94,"column":9}},"line":87},"11":{"name":"(anonymous_11)","decl":{"start":{"line":96,"column":130},"end":{"line":96,"column":131}},"loc":{"start":{"line":96,"column":142},"end":{"line":103,"column":9}},"line":96},"12":{"name":"(anonymous_12)","decl":{"start":{"line":105,"column":130},"end":{"line":105,"column":131}},"loc":{"start":{"line":105,"column":142},"end":{"line":112,"column":9}},"line":105},"13":{"name":"(anonymous_13)","decl":{"start":{"line":114,"column":130},"end":{"line":114,"column":131}},"loc":{"start":{"line":114,"column":142},"end":{"line":121,"column":9}},"line":114},"14":{"name":"(anonymous_14)","decl":{"start":{"line":124,"column":31},"end":{"line":124,"column":32}},"loc":{"start":{"line":124,"column":37},"end":{"line":173,"column":5}},"line":124},"15":{"name":"(anonymous_15)","decl":{"start":{"line":127,"column":108},"end":{"line":127,"column":109}},"loc":{"start":{"line":127,"column":120},"end":{"line":134,"column":9}},"line":127},"16":{"name":"(anonymous_16)","decl":{"start":{"line":137,"column":116},"end":{"line":137,"column":117}},"loc":{"start":{"line":137,"column":128},"end":{"line":144,"column":9}},"line":137},"17":{"name":"(anonymous_17)","decl":{"start":{"line":146,"column":108},"end":{"line":146,"column":109}},"loc":{"start":{"line":146,"column":120},"end":{"line":153,"column":9}},"line":146},"18":{"name":"(anonymous_18)","decl":{"start":{"line":155,"column":108},"end":{"line":155,"column":109}},"loc":{"start":{"line":155,"column":120},"end":{"line":162,"column":9}},"line":155},"19":{"name":"(anonymous_19)","decl":{"start":{"line":164,"column":106},"end":{"line":164,"column":107}},"loc":{"start":{"line":164,"column":118},"end":{"line":171,"column":9}},"line":164},"20":{"name":"(anonymous_20)","decl":{"start":{"line":175,"column":41},"end":{"line":175,"column":42}},"loc":{"start":{"line":175,"column":47},"end":{"line":231,"column":5}},"line":175},"21":{"name":"(anonymous_21)","decl":{"start":{"line":178,"column":130},"end":{"line":178,"column":131}},"loc":{"start":{"line":178,"column":142},"end":{"line":185,"column":9}},"line":178},"22":{"name":"(anonymous_22)","decl":{"start":{"line":187,"column":130},"end":{"line":187,"column":131}},"loc":{"start":{"line":187,"column":142},"end":{"line":194,"column":9}},"line":187},"23":{"name":"(anonymous_23)","decl":{"start":{"line":196,"column":116},"end":{"line":196,"column":117}},"loc":{"start":{"line":196,"column":128},"end":{"line":203,"column":9}},"line":196},"24":{"name":"(anonymous_24)","decl":{"start":{"line":205,"column":138},"end":{"line":205,"column":139}},"loc":{"start":{"line":205,"column":150},"end":{"line":212,"column":9}},"line":205},"25":{"name":"(anonymous_25)","decl":{"start":{"line":214,"column":130},"end":{"line":214,"column":131}},"loc":{"start":{"line":214,"column":142},"end":{"line":221,"column":9}},"line":214},"26":{"name":"(anonymous_26)","decl":{"start":{"line":223,"column":116},"end":{"line":223,"column":117}},"loc":{"start":{"line":223,"column":128},"end":{"line":230,"column":9}},"line":223},"27":{"name":"(anonymous_27)","decl":{"start":{"line":233,"column":34},"end":{"line":233,"column":35}},"loc":{"start":{"line":233,"column":40},"end":{"line":290,"column":5}},"line":233},"28":{"name":"(anonymous_28)","decl":{"start":{"line":236,"column":123},"end":{"line":236,"column":124}},"loc":{"start":{"line":236,"column":135},"end":{"line":243,"column":9}},"line":236},"29":{"name":"(anonymous_29)","decl":{"start":{"line":245,"column":123},"end":{"line":245,"column":124}},"loc":{"start":{"line":245,"column":135},"end":{"line":252,"column":9}},"line":245},"30":{"name":"(anonymous_30)","decl":{"start":{"line":254,"column":109},"end":{"line":254,"column":110}},"loc":{"start":{"line":254,"column":121},"end":{"line":261,"column":9}},"line":254},"31":{"name":"(anonymous_31)","decl":{"start":{"line":263,"column":119},"end":{"line":263,"column":120}},"loc":{"start":{"line":263,"column":131},"end":{"line":270,"column":9}},"line":263},"32":{"name":"(anonymous_32)","decl":{"start":{"line":272,"column":123},"end":{"line":272,"column":124}},"loc":{"start":{"line":272,"column":135},"end":{"line":279,"column":9}},"line":272},"33":{"name":"(anonymous_33)","decl":{"start":{"line":281,"column":119},"end":{"line":281,"column":120}},"loc":{"start":{"line":281,"column":131},"end":{"line":288,"column":9}},"line":281},"34":{"name":"(anonymous_34)","decl":{"start":{"line":292,"column":34},"end":{"line":292,"column":35}},"loc":{"start":{"line":292,"column":40},"end":{"line":322,"column":5}},"line":292},"35":{"name":"(anonymous_35)","decl":{"start":{"line":295,"column":109},"end":{"line":295,"column":110}},"loc":{"start":{"line":295,"column":121},"end":{"line":302,"column":9}},"line":295},"36":{"name":"(anonymous_36)","decl":{"start":{"line":304,"column":109},"end":{"line":304,"column":110}},"loc":{"start":{"line":304,"column":121},"end":{"line":311,"column":9}},"line":304},"37":{"name":"(anonymous_37)","decl":{"start":{"line":313,"column":109},"end":{"line":313,"column":110}},"loc":{"start":{"line":313,"column":121},"end":{"line":320,"column":9}},"line":313}},"branchMap":{},"s":{"0":0,"1":0,"2":0,"3":0,"4":0,"5":0,"6":0,"7":0,"8":0,"9":0,"10":0,"11":0,"12":0,"13":0,"14":0,"15":0,"16":0,"17":0,"18":0,"19":0,"20":0,"21":0,"22":0,"23":0,"24":0,"25":0,"26":0,"27":0,"28":0,"29":0,"30":0,"31":0,"32":0,"33":0,"34":0,"35":0,"36":0,"37":0,"38":0,"39":0,"40":0,"41":0,"42":0,"43":0,"44":0,"45":0,"46":0,"47":0,"48":0,"49":0,"50":0,"51":0,"52":0,"53":0,"54":0,"55":0,"56":0,"57":0,"58":0,"59":0,"60":0,"61":0,"62":0,"63":0,"64":0,"65":0,"66":0,"67":0,"68":0,"69":0,"70":0,"71":0,"72":0,"73":0,"74":0,"75":0,"76":0,"77":0,"78":0,"79":0,"80":0,"81":0,"82":0,"83":0,"84":0,"85":0,"86":0,"87":0,"88":0,"89":0,"90":0,"91":0,"92":0,"93":0,"94":0,"95":0,"96":0,"97":0,"98":0,"99":0,"100":0,"101":0,"102":0,"103":0,"104":0,"105":0,"106":0,"107":0,"108":0,"109":0,"110":0,"111":0,"112":0,"113":0,"114":0,"115":0,"116":0,"117":0,"118":0,"119":0,"120":0,"121":0,"122":0,"123":0,"124":0,"125":0,"126":0,"127":0,"128":0,"129":0,"130":0,"131":0,"132":0,"133":0,"134":0,"135":0,"136":0,"137":0,"138":0,"139":0,"140":0,"141":0,"142":0,"143":0,"144":0,"145":0,"146":0,"147":0,"148":0,"149":0,"150":0,"151":0,"152":0,"153":0,"154":0,"155":0,"156":0,"157":0,"158":0,"159":0,"160":0,"161":0,"162":0,"163":0,"164":0,"165":0,"166":0,"167":0,"168":0,"169":0,"170":0,"171":0,"172":0,"173":0,"174":0,"175":0,"176":0,"177":0,"178":0,"179":0,"180":0,"181":0,"182":0,"183":0,"184":0,"185":0,"186":0,"187":0,"188":0,"189":0,"190":0,"191":0,"192":0,"193":0,"194":0,"195":0,"196":0,"197":0,"198":0,"199":0,"200":0,"201":0},"f":{"0":0,"1":0,"2":0,"3":0,"4":0,"5":0,"6":0,"7":0,"8":0,"9":0,"10":0,"11":0,"12":0,"13":0,"14":0,"15":0,"16":0,"17":0,"18":0,"19":0,"20":0,"21":0,"22":0,"23":0,"24":0,"25":0,"26":0,"27":0,"28":0,"29":0,"30":0,"31":0,"32":0,"33":0,"34":0,"35":0,"36":0,"37":0},"b":{}}}